2018-04-16 17:53:05,728 ActorSystem Administrator startup @ ActorAddr-(T|:1900)
2018-04-16 17:53:05,807 directory-server: Who serves
2018-04-16 17:53:05,809 db-server-0: View, my timeout is 18
2018-04-16 17:53:05,810 db-server-2: View, my timeout is 7
2018-04-16 17:53:05,812 db-server-12: View, my timeout is 7
2018-04-16 17:53:05,814 db-server-11: View, my timeout is 20
2018-04-16 17:53:05,815 db-server-3: View, my timeout is 7
2018-04-16 17:53:05,817 db-server-8: View, my timeout is 14
2018-04-16 17:53:05,818 db-server-4: View, my timeout is 16
2018-04-16 17:53:05,820 db-server-6: View, my timeout is 8
2018-04-16 17:53:05,822 db-server-7: View, my timeout is 6
2018-04-16 17:53:05,823 db-server-10: View, my timeout is 12
2018-04-16 17:53:05,825 db-server-13: View, my timeout is 12
2018-04-16 17:53:05,826 db-server-5: View, my timeout is 14
2018-04-16 17:53:05,828 db-server-1: View, my timeout is 16
2018-04-16 17:53:05,830 db-server-9: View, my timeout is 16
2018-04-16 17:53:05,831 db-server-14: View, my timeout is 6
2018-04-16 17:53:11,829 db-server-7: Role change, became CANDIDATE
2018-04-16 17:53:11,830 db-server-7: Sending RequestVote
2018-04-16 17:53:11,831 db-server-7: Sending RequestVote
2018-04-16 17:53:11,832 db-server-7: Sending RequestVote
2018-04-16 17:53:11,836 db-server-4: Voting for db-server-7, term 1
2018-04-16 17:53:11,837 db-server-14: Role change, became CANDIDATE
2018-04-16 17:53:11,838 db-server-7: Received vote for term 1
2018-04-16 17:53:11,838 db-server-6: Voting for db-server-7, term 1
2018-04-16 17:53:11,837 db-server-14: Sending RequestVote
2018-04-16 17:53:11,838 db-server-7: Became leader for term 1
2018-04-16 17:53:11,840 directory-server: Leader changed for cluster cluster-3=========
2018-04-16 17:53:11,838 db-server-14: Sending RequestVote
2018-04-16 17:53:11,839 db-server-14: Sending RequestVote
2018-04-16 17:53:11,843 db-server-4: Found new leader for term 1
2018-04-16 17:53:11,844 db-server-1: Voting for db-server-14, term 1
2018-04-16 17:53:11,843 db-server-4: Received heartbeat 1
2018-04-16 17:53:11,845 db-server-14: Received vote for term 1
2018-04-16 17:53:11,846 db-server-6: Found new leader for term 1
2018-04-16 17:53:11,845 db-server-14: Became leader for term 1
2018-04-16 17:53:11,847 directory-server: Leader changed for cluster cluster-0=========
2018-04-16 17:53:11,847 db-server-6: Received heartbeat 1
2018-04-16 17:53:11,878 db-server-9: Voting for db-server-14, term 1
2018-04-16 17:53:11,881 db-server-1: Found new leader for term 1
2018-04-16 17:53:11,881 db-server-1: Received heartbeat 1
2018-04-16 17:53:11,882 db-server-9: Found new leader for term 1
2018-04-16 17:53:11,882 db-server-9: Received heartbeat 1
2018-04-16 17:53:12,818 db-server-3: Role change, became CANDIDATE
2018-04-16 17:53:12,819 db-server-2: Role change, became CANDIDATE
2018-04-16 17:53:12,820 db-server-12: Role change, became CANDIDATE
2018-04-16 17:53:12,819 db-server-3: Sending RequestVote
2018-04-16 17:53:12,820 db-server-2: Sending RequestVote
2018-04-16 17:53:12,822 db-server-12: Sending RequestVote
2018-04-16 17:53:12,823 db-server-2: Sending RequestVote
2018-04-16 17:53:12,822 db-server-3: Sending RequestVote
2018-04-16 17:53:12,823 db-server-12: Sending RequestVote
2018-04-16 17:53:12,826 db-server-11: Voting for db-server-3, term 1
2018-04-16 17:53:12,823 db-server-3: Sending RequestVote
2018-04-16 17:53:12,828 db-server-0: Voting for db-server-2, term 1
2018-04-16 17:53:12,824 db-server-12: Sending RequestVote
2018-04-16 17:53:12,823 db-server-2: Sending RequestVote
2018-04-16 17:53:12,830 db-server-0: Voting for db-server-12, term 1
2018-04-16 17:53:12,828 db-server-3: Received vote for term 1
2018-04-16 17:53:12,828 db-server-3: Became leader for term 1
2018-04-16 17:53:12,831 directory-server: Leader changed for cluster cluster-1=========
2018-04-16 17:53:12,832 db-server-2: Received vote for term 1
2018-04-16 17:53:12,832 db-server-12: Received vote for term 1
2018-04-16 17:53:12,832 db-server-2: Became leader for term 1
2018-04-16 17:53:12,832 db-server-12: Became leader for term 1
2018-04-16 17:53:12,835 directory-server: Leader changed for cluster cluster-2=========
2018-04-16 17:53:12,836 directory-server: Leader changed for cluster cluster-2=========
2018-04-16 17:53:12,838 db-server-0: Found new leader for term 1
2018-04-16 17:53:12,839 db-server-0: Received heartbeat 1
2018-04-16 17:53:12,844 db-server-4: Received heartbeat 1
2018-04-16 17:53:12,846 db-server-6: Received heartbeat 1
2018-04-16 17:53:12,851 db-server-1: Received heartbeat 1
2018-04-16 17:53:12,853 db-server-9: Received heartbeat 1
2018-04-16 17:53:12,863 db-server-8: Voting for db-server-3, term 1
2018-04-16 17:53:12,865 db-server-11: Found new leader for term 1
2018-04-16 17:53:12,865 db-server-11: Received heartbeat 1
2018-04-16 17:53:12,867 db-server-8: Found new leader for term 1
2018-04-16 17:53:12,867 db-server-8: Received heartbeat 1
2018-04-16 17:53:12,869 db-server-0: Received heartbeat 1
2018-04-16 17:53:13,841 db-server-11: Received heartbeat 1
2018-04-16 17:53:13,847 db-server-0: Received heartbeat 1
2018-04-16 17:53:13,851 db-server-0: Received heartbeat 1
2018-04-16 17:53:13,858 db-server-4: Received heartbeat 1
2018-04-16 17:53:13,868 db-server-1: Received heartbeat 1
2018-04-16 17:53:13,875 db-server-6: Received heartbeat 1
2018-04-16 17:53:13,879 db-server-9: Received heartbeat 1
2018-04-16 17:53:13,914 db-server-8: Received heartbeat 1
2018-04-16 17:53:14,844 db-server-11: Received heartbeat 1
2018-04-16 17:53:14,845 db-server-0: Received heartbeat 1
2018-04-16 17:53:14,848 db-server-0: Received heartbeat 1
2018-04-16 17:53:14,849 db-server-8: Received heartbeat 1
2018-04-16 17:53:14,854 db-server-4: Received heartbeat 1
2018-04-16 17:53:14,856 db-server-6: Received heartbeat 1
2018-04-16 17:53:14,862 db-server-1: Received heartbeat 1
2018-04-16 17:53:14,865 db-server-9: Received heartbeat 1
2018-04-16 17:53:15,849 db-server-11: Received heartbeat 1
2018-04-16 17:53:15,851 db-server-0: Received heartbeat 1
2018-04-16 17:53:15,856 db-server-0: Received heartbeat 1
2018-04-16 17:53:15,858 db-server-8: Received heartbeat 1
2018-04-16 17:53:15,859 db-server-4: Received heartbeat 1
2018-04-16 17:53:15,862 db-server-6: Received heartbeat 1
2018-04-16 17:53:15,867 db-server-1: Received heartbeat 1
2018-04-16 17:53:15,870 db-server-9: Received heartbeat 1
2018-04-16 17:53:16,852 db-server-0: Received heartbeat 1
2018-04-16 17:53:16,852 db-server-11: Received heartbeat 1
2018-04-16 17:53:16,858 db-server-0: Received heartbeat 1
2018-04-16 17:53:16,861 db-server-4: Received heartbeat 1
2018-04-16 17:53:16,865 db-server-6: Received heartbeat 1
2018-04-16 17:53:16,870 db-server-1: Received heartbeat 1
2018-04-16 17:53:16,872 db-server-9: Received heartbeat 1
2018-04-16 17:53:16,890 db-server-8: Received heartbeat 1
2018-04-16 17:53:17,836 db-server-10: Role change, became CANDIDATE
2018-04-16 17:53:17,838 db-server-13: Role change, became CANDIDATE
2018-04-16 17:53:17,838 db-server-10: Sending RequestVote
2018-04-16 17:53:17,839 db-server-13: Sending RequestVote
2018-04-16 17:53:17,841 db-server-10: Sending RequestVote
2018-04-16 17:53:17,842 db-server-13: Sending RequestVote
2018-04-16 17:53:17,842 db-server-13: Sending RequestVote
2018-04-16 17:53:17,842 db-server-10: Sending RequestVote
2018-04-16 17:53:17,849 db-server-5: Voting for db-server-10, term 1
2018-04-16 17:53:17,850 db-server-10: Received vote for term 1
2018-04-16 17:53:17,851 db-server-5: Voting for db-server-13, term 1
2018-04-16 17:53:17,852 db-server-13: Received vote for term 1
2018-04-16 17:53:17,853 directory-server: Leader changed for cluster cluster-4=========
2018-04-16 17:53:17,850 db-server-10: Became leader for term 1
2018-04-16 17:53:17,855 db-server-0: Received heartbeat 1
2018-04-16 17:53:17,855 directory-server: Leader changed for cluster cluster-4=========
2018-04-16 17:53:17,855 db-server-11: Received heartbeat 1
2018-04-16 17:53:17,852 db-server-13: Became leader for term 1
2018-04-16 17:53:17,861 db-server-0: Received heartbeat 1
2018-04-16 17:53:17,861 db-server-8: Received heartbeat 1
2018-04-16 17:53:17,866 db-server-4: Received heartbeat 1
2018-04-16 17:53:17,866 db-server-5: Found new leader for term 1
2018-04-16 17:53:17,866 db-server-5: Received heartbeat 1
2018-04-16 17:53:17,872 db-server-1: Received heartbeat 1
2018-04-16 17:53:17,874 db-server-9: Received heartbeat 1
2018-04-16 17:53:17,905 db-server-6: Received heartbeat 1
2018-04-16 17:53:17,934 db-server-5: Received heartbeat 1
2018-04-16 17:53:18,867 db-server-0: Received heartbeat 1
2018-04-16 17:53:18,874 db-server-11: Received heartbeat 1
2018-04-16 17:53:18,882 db-server-0: Received heartbeat 1
2018-04-16 17:53:18,887 db-server-4: Received heartbeat 1
2018-04-16 17:53:18,890 db-server-1: Received heartbeat 1
2018-04-16 17:53:18,897 db-server-5: Received heartbeat 1
2018-04-16 17:53:18,899 db-server-6: Received heartbeat 1
2018-04-16 17:53:18,901 db-server-9: Received heartbeat 1
2018-04-16 17:53:18,919 db-server-8: Received heartbeat 1
2018-04-16 17:53:18,939 db-server-5: Received heartbeat 1
2018-04-16 17:53:19,880 db-server-0: Received heartbeat 1
2018-04-16 17:53:19,884 db-server-11: Received heartbeat 1
2018-04-16 17:53:19,888 db-server-0: Received heartbeat 1
2018-04-16 17:53:19,891 db-server-4: Received heartbeat 1
2018-04-16 17:53:19,892 db-server-5: Received heartbeat 1
2018-04-16 17:53:19,894 db-server-1: Received heartbeat 1
2018-04-16 17:53:19,900 db-server-6: Received heartbeat 1
2018-04-16 17:53:19,901 db-server-9: Received heartbeat 1
2018-04-16 17:53:19,911 db-server-5: Received heartbeat 1
2018-04-16 17:53:19,923 db-server-8: Received heartbeat 1
2018-04-16 17:53:20,880 db-server-0: Received heartbeat 1
2018-04-16 17:53:20,880 db-server-5: Received heartbeat 1
2018-04-16 17:53:20,883 db-server-11: Received heartbeat 1
2018-04-16 17:53:20,887 db-server-8: Received heartbeat 1
2018-04-16 17:53:20,890 db-server-0: Received heartbeat 1
2018-04-16 17:53:20,892 db-server-4: Received heartbeat 1
2018-04-16 17:53:20,898 db-server-1: Received heartbeat 1
2018-04-16 17:53:20,901 db-server-9: Received heartbeat 1
2018-04-16 17:53:20,913 db-server-5: Received heartbeat 1
2018-04-16 17:53:20,932 db-server-6: Received heartbeat 1
2018-04-16 17:53:21,882 db-server-5: Received heartbeat 1
2018-04-16 17:53:21,883 db-server-0: Received heartbeat 1
2018-04-16 17:53:21,887 db-server-11: Received heartbeat 1
2018-04-16 17:53:21,890 db-server-8: Received heartbeat 1
2018-04-16 17:53:21,893 db-server-0: Received heartbeat 1
2018-04-16 17:53:21,897 db-server-4: Received heartbeat 1
2018-04-16 17:53:21,899 db-server-1: Received heartbeat 1
2018-04-16 17:53:21,901 db-server-9: Received heartbeat 1
2018-04-16 17:53:21,916 db-server-5: Received heartbeat 1
2018-04-16 17:53:21,934 db-server-6: Received heartbeat 1
2018-04-16 17:53:22,888 db-server-0: Received heartbeat 1
2018-04-16 17:53:22,894 db-server-11: Received heartbeat 1
2018-04-16 17:53:22,894 db-server-5: Received heartbeat 1
2018-04-16 17:53:22,898 db-server-0: Received heartbeat 1
2018-04-16 17:53:22,902 db-server-4: Received heartbeat 1
2018-04-16 17:53:22,904 db-server-1: Received heartbeat 1
2018-04-16 17:53:22,906 db-server-6: Received heartbeat 1
2018-04-16 17:53:22,909 db-server-9: Received heartbeat 1
2018-04-16 17:53:22,929 db-server-5: Received heartbeat 1
2018-04-16 17:53:22,932 db-server-8: Received heartbeat 1
2018-04-16 17:53:23,891 db-server-0: Received heartbeat 1
2018-04-16 17:53:23,896 db-server-5: Received heartbeat 1
2018-04-16 17:53:23,898 db-server-11: Received heartbeat 1
2018-04-16 17:53:23,900 db-server-0: Received heartbeat 1
2018-04-16 17:53:23,901 db-server-8: Received heartbeat 1
2018-04-16 17:53:23,905 db-server-4: Received heartbeat 1
2018-04-16 17:53:23,907 db-server-6: Received heartbeat 1
2018-04-16 17:53:23,908 db-server-1: Received heartbeat 1
2018-04-16 17:53:23,910 db-server-9: Received heartbeat 1
2018-04-16 17:53:23,929 db-server-5: Received heartbeat 1
2018-04-16 17:53:24,912 db-server-0: Received heartbeat 1
2018-04-16 17:53:24,919 db-server-11: Received heartbeat 1
2018-04-16 17:53:24,920 db-server-0: Received heartbeat 1
2018-04-16 17:53:24,924 db-server-4: Received heartbeat 1
2018-04-16 17:53:24,924 db-server-1: Received heartbeat 1
2018-04-16 17:53:24,961 db-server-6: Received heartbeat 1
2018-04-16 17:53:24,963 db-server-9: Received heartbeat 1
2018-04-16 17:53:24,978 db-server-5: Received heartbeat 1
2018-04-16 17:53:24,982 db-server-5: Received heartbeat 1
2018-04-16 17:53:24,993 db-server-8: Received heartbeat 1
2018-04-16 17:53:25,910 db-server-0: Received heartbeat 1
2018-04-16 17:53:25,920 View clerk-1
2018-04-16 17:53:25,922 db-server-5: Received heartbeat 1
2018-04-16 17:53:25,923 db-server-11: Received heartbeat 1
2018-04-16 17:53:25,924 Server map of clerk-1 updated
2018-04-16 17:53:25,927 db-server-0: Received heartbeat 1
2018-04-16 17:53:25,928 db-server-1: Received heartbeat 1
2018-04-16 17:53:25,929 db-server-4: Received heartbeat 1
2018-04-16 17:53:25,931 View clerk-2
2018-04-16 17:53:25,933 Server map of clerk-2 updated
2018-04-16 17:53:25,937 db-server-8: Received heartbeat 1
2018-04-16 17:53:25,940 db-server-6: Received heartbeat 1
2018-04-16 17:53:25,940 db-server-9: Received heartbeat 1
2018-04-16 17:53:25,946 View clerk-5
2018-04-16 17:53:25,949 Server map of clerk-5 updated
2018-04-16 17:53:25,949 View clerk-4
2018-04-16 17:53:25,952 Server map of clerk-4 updated
2018-04-16 17:53:25,957 View clerk-6
2018-04-16 17:53:25,958 View clerk-3
2018-04-16 17:53:25,960 Server map of clerk-3 updated
2018-04-16 17:53:25,959 View clerk-11
2018-04-16 17:53:25,961 View clerk-7
2018-04-16 17:53:25,961 Server map of clerk-6 updated
2018-04-16 17:53:25,964 db-server-5: Received heartbeat 1
2018-04-16 17:53:25,963 View clerk-9
2018-04-16 17:53:25,965 Server map of clerk-11 updated
2018-04-16 17:53:25,969 Server map of clerk-9 updated
2018-04-16 17:53:25,968 View clerk-17
2018-04-16 17:53:25,970 Server map of clerk-7 updated
2018-04-16 17:53:25,969 View clerk-12
2018-04-16 17:53:25,971 View clerk-18
2018-04-16 17:53:25,973 Server map of clerk-17 updated
2018-04-16 17:53:25,974 View clerk-8
2018-04-16 17:53:25,975 Server map of clerk-12 updated
2018-04-16 17:53:25,977 Server map of clerk-18 updated
2018-04-16 17:53:25,980 Server map of clerk-8 updated
2018-04-16 17:53:25,977 View clerk-10
2018-04-16 17:53:25,980 View clerk-13
2018-04-16 17:53:25,982 Server map of clerk-10 updated
2018-04-16 17:53:25,983 Server map of clerk-13 updated
2018-04-16 17:53:25,984 View clerk-20
2018-04-16 17:53:25,985 View clerk-15
2018-04-16 17:53:25,986 View clerk-16
2018-04-16 17:53:25,988 Server map of clerk-20 updated
2018-04-16 17:53:25,988 View clerk-14
2018-04-16 17:53:25,990 View clerk-19
2018-04-16 17:53:25,991 Server map of clerk-15 updated
2018-04-16 17:53:25,993 Server map of clerk-16 updated
2018-04-16 17:53:25,994 Server map of clerk-14 updated
2018-04-16 17:53:25,995 Server map of clerk-19 updated
2018-04-16 17:53:26,423 clerk-1 -Starting read for: dict_keys([104, 920, 947, 293, 662, 81, 344, 668, 860, 814])
2018-04-16 17:53:26,424 clerk-1 -Sending reads to dict_keys(['db-server-7', 'db-server-14', 'db-server-3', 'db-server-13', 'db-server-12']) 
2018-04-16 17:53:26,434 clerk-2 -Starting read for: dict_keys([432, 216, 706, 99, 659, 479, 488, 490, 491, 591])
2018-04-16 17:53:26,434 clerk-2 -Sending reads to dict_keys(['db-server-13', 'db-server-7', 'db-server-14', 'db-server-12', 'db-server-3']) 
2018-04-16 17:53:26,449 clerk-5 -Starting read for: dict_keys([896, 510, 581, 486, 871, 873, 379, 508, 750, 166])
2018-04-16 17:53:26,450 clerk-5 -Sending reads to dict_keys(['db-server-7', 'db-server-14', 'db-server-13', 'db-server-3']) 
2018-04-16 17:53:26,452 clerk-4 -Starting read for: dict_keys([538, 229, 598, 71, 540, 90, 587, 348, 106, 926])
2018-04-16 17:53:26,452 clerk-4 -Sending reads to dict_keys(['db-server-7', 'db-server-14', 'db-server-3', 'db-server-13', 'db-server-12']) 
2018-04-16 17:53:26,458 clerk-2 -Read finished for clerk-2-trx-0
2018-04-16 17:53:26,459 clerk-6 -Starting read for: dict_keys([960, 289, 66, 731, 327, 376, 90, 123, 941, 733])
2018-04-16 17:53:26,460 clerk-6 -Sending reads to dict_keys(['db-server-7', 'db-server-14', 'db-server-3', 'db-server-13', 'db-server-12']) 
2018-04-16 17:53:26,463 clerk-11 -Starting read for: dict_keys([592, 578, 483, 958, 855, 40, 799, 12, 462, 719])
2018-04-16 17:53:26,463 clerk-7 -Starting read for: dict_keys([33, 475, 68, 293, 693, 903, 9, 679, 542, 655])
2018-04-16 17:53:26,463 clerk-7 -Sending reads to dict_keys(['db-server-7', 'db-server-14', 'db-server-12', 'db-server-13']) 
2018-04-16 17:53:26,463 clerk-11 -Sending reads to dict_keys(['db-server-7', 'db-server-14', 'db-server-12', 'db-server-13']) 
2018-04-16 17:53:26,461 clerk-3 -Starting read for: dict_keys([272, 257, 978, 261, 560, 744, 664, 588, 378, 849])
2018-04-16 17:53:26,466 clerk-9 -Starting read for: dict_keys([792, 723, 869, 407, 744, 42, 431, 205, 222, 773])
2018-04-16 17:53:26,465 clerk-3 -Sending reads to dict_keys(['db-server-13', 'db-server-7', 'db-server-14', 'db-server-12', 'db-server-3']) 
2018-04-16 17:53:26,459 clerk-2 -updating cache with answer {488: (0, 0)}
2018-04-16 17:53:26,467 clerk-9 -Sending reads to dict_keys(['db-server-7', 'db-server-14', 'db-server-12', 'db-server-13', 'db-server-3']) 
2018-04-16 17:53:26,459 clerk-2 -updating cache with answer {490: (0, 0)}
2018-04-16 17:53:26,459 clerk-2 -updating cache with answer {432: (0, 0)}
2018-04-16 17:53:26,473 clerk-17 -Starting read for: dict_keys([929, 850, 643, 888, 199, 296, 266, 87, 684, 538])
2018-04-16 17:53:26,472 clerk-12 -Starting read for: dict_keys([192, 368, 466, 323, 502, 563, 871, 1000, 785, 127])
2018-04-16 17:53:26,473 clerk-17 -Sending reads to dict_keys(['db-server-7', 'db-server-14', 'db-server-3', 'db-server-13', 'db-server-12']) 
2018-04-16 17:53:26,459 clerk-2 -updating cache with answer {99: (0, 0), 659: (0, 0), 479: (0, 0)}
2018-04-16 17:53:26,474 clerk-18 -Starting read for: dict_keys([417, 98, 50, 284, 7, 268, 330, 396, 77, 380])
2018-04-16 17:53:26,473 clerk-12 -Sending reads to dict_keys(['db-server-7', 'db-server-14', 'db-server-12', 'db-server-3']) 
2018-04-16 17:53:26,475 clerk-18 -Sending reads to dict_keys(['db-server-13', 'db-server-7', 'db-server-14', 'db-server-12', 'db-server-3']) 
2018-04-16 17:53:26,478 clerk-8 -Starting read for: dict_keys([661, 1, 933, 550, 748, 74, 236, 734, 46, 780])
2018-04-16 17:53:26,459 clerk-2 -updating cache with answer {216: (0, 0), 706: (0, 0), 491: (0, 0), 591: (0, 0)}
2018-04-16 17:53:26,478 clerk-8 -Sending reads to dict_keys(['db-server-7', 'db-server-14', 'db-server-3', 'db-server-13']) 
2018-04-16 17:53:26,480 clerk-10 -Starting read for: dict_keys([336, 737, 679, 808, 425, 58, 167, 717, 126, 605])
2018-04-16 17:53:26,468 clerk-2 -Starting prepare. Server_map: {'db-server-13': {99, 659, 479}, 'db-server-7': {488}, 'db-server-14': {490}, 'db-server-12': {432}, 'db-server-3': {216, 706, 491, 591}}
2018-04-16 17:53:26,480 clerk-10 -Sending reads to dict_keys(['db-server-13', 'db-server-7', 'db-server-14', 'db-server-12', 'db-server-3']) 
2018-04-16 17:53:26,468 clerk-2 -Committing clerk-2-trx-0
2018-04-16 17:53:26,483 clerk-13 -Starting read for: dict_keys([960, 930, 830, 69, 358, 950, 968, 714, 189, 334])
2018-04-16 17:53:26,468 clerk-2 -Sending prepare to dict_keys(['db-server-13', 'db-server-7', 'db-server-14', 'db-server-12', 'db-server-3']) 
2018-04-16 17:53:26,484 clerk-13 -Sending reads to dict_keys(['db-server-7', 'db-server-14', 'db-server-13']) 
2018-04-16 17:53:26,486 clerk-20 -Starting read for: dict_keys([416, 739, 285, 415, 243, 651, 828, 429, 350, 783])
2018-04-16 17:53:26,487 clerk-15 -Starting read for: dict_keys([725, 291, 885, 6, 839, 259, 746, 554, 478, 111])
2018-04-16 17:53:26,487 clerk-20 -Sending reads to dict_keys(['db-server-7', 'db-server-14', 'db-server-13', 'db-server-3']) 
2018-04-16 17:53:26,488 clerk-15 -Sending reads to dict_keys(['db-server-7', 'db-server-14', 'db-server-13', 'db-server-3']) 
2018-04-16 17:53:26,490 clerk-16 -Starting read for: dict_keys([736, 961, 180, 37, 422, 711, 649, 938, 913, 390])
2018-04-16 17:53:26,490 clerk-16 -Sending reads to dict_keys(['db-server-13', 'db-server-7', 'db-server-14', 'db-server-12', 'db-server-3']) 
2018-04-16 17:53:26,492 clerk-14 -Starting read for: dict_keys([512, 112, 626, 497, 340, 561, 954, 987, 574, 815])
2018-04-16 17:53:26,492 clerk-19 -Starting read for: dict_keys([256, 144, 187, 180, 885, 534, 874, 587, 125, 667])
2018-04-16 17:53:26,493 clerk-19 -Sending reads to dict_keys(['db-server-14', 'db-server-3', 'db-server-13', 'db-server-12']) 
2018-04-16 17:53:26,493 clerk-14 -Sending reads to dict_keys(['db-server-13', 'db-server-14', 'db-server-12', 'db-server-3']) 
2018-04-16 17:53:26,552 clerk-1 -Read finished for clerk-1-trx-0
2018-04-16 17:53:26,553 clerk-1 -updating cache with answer {668: (0, 0), 293: (0, 0)}
2018-04-16 17:53:26,553 clerk-1 -updating cache with answer {920: (0, 0), 860: (0, 0)}
2018-04-16 17:53:26,553 clerk-1 -updating cache with answer {344: (0, 0), 104: (0, 0), 814: (0, 0)}
2018-04-16 17:53:26,553 clerk-1 -updating cache with answer {81: (0, 0)}
2018-04-16 17:53:26,553 clerk-1 -updating cache with answer {947: (0, 0), 662: (0, 0)}
2018-04-16 17:53:26,557 clerk-1 -Starting prepare. Server_map: {'db-server-7': {668, 293}, 'db-server-14': {920, 860}, 'db-server-3': {81}, 'db-server-13': {344, 104, 814}, 'db-server-12': {947, 662}}
2018-04-16 17:53:26,557 clerk-1 -Committing clerk-1-trx-0
2018-04-16 17:53:26,557 clerk-1 -Sending prepare to dict_keys(['db-server-7', 'db-server-14', 'db-server-3', 'db-server-13', 'db-server-12']) 
2018-04-16 17:53:26,573 clerk-4 -Read finished for clerk-4-trx-0
2018-04-16 17:53:26,573 clerk-4 -updating cache with answer {538: (0, 0), 348: (0, 0), 598: (0, 0)}
2018-04-16 17:53:26,573 clerk-4 -updating cache with answer {90: (0, 0), 540: (0, 0)}
2018-04-16 17:53:26,573 clerk-4 -updating cache with answer {229: (0, 0)}
2018-04-16 17:53:26,574 clerk-4 -updating cache with answer {106: (0, 0), 926: (0, 0), 71: (0, 0)}
2018-04-16 17:53:26,574 clerk-4 -updating cache with answer {587: (0, 0)}
2018-04-16 17:53:26,576 clerk-4 -Starting prepare. Server_map: {'db-server-7': {538, 348, 598}, 'db-server-14': {90, 540}, 'db-server-3': {106, 926, 71}, 'db-server-13': {229}, 'db-server-12': {587}}
2018-04-16 17:53:26,576 clerk-4 -Committing clerk-4-trx-0
2018-04-16 17:53:26,576 clerk-4 -Sending prepare to dict_keys(['db-server-7', 'db-server-14', 'db-server-3', 'db-server-13', 'db-server-12']) 
2018-04-16 17:53:26,597 db-server-7 Validation successful for clerk-2-trx-0 - Prepare OK
2018-04-16 17:53:26,610 clerk-7 -Read finished for clerk-7-trx-0
2018-04-16 17:53:26,610 clerk-7 -updating cache with answer {33: (0, 0), 68: (0, 0), 293: (0, 0), 693: (0, 0), 903: (0, 0)}
2018-04-16 17:53:26,610 clerk-7 -updating cache with answer {475: (0, 0), 655: (0, 0)}
2018-04-16 17:53:26,611 clerk-7 -updating cache with answer {542: (0, 0)}
2018-04-16 17:53:26,611 clerk-7 -updating cache with answer {9: (0, 0), 679: (0, 0)}
2018-04-16 17:53:26,614 clerk-7 -Starting prepare. Server_map: {'db-server-7': {903, 33, 68, 293, 693}, 'db-server-14': {475, 655}, 'db-server-12': {542}, 'db-server-13': {9, 679}}
2018-04-16 17:53:26,615 clerk-7 -Committing clerk-7-trx-0
2018-04-16 17:53:26,615 clerk-7 -Sending prepare to dict_keys(['db-server-7', 'db-server-14', 'db-server-12', 'db-server-13']) 
2018-04-16 17:53:26,629 db-server-14 Validation successful for clerk-2-trx-0 - Prepare OK
2018-04-16 17:53:26,645 db-server-12 Validation successful for clerk-2-trx-0 - Prepare OK
2018-04-16 17:53:26,667 clerk-5 -Read finished for clerk-5-trx-0
2018-04-16 17:53:26,668 clerk-5 -updating cache with answer {873: (0, 0), 508: (0, 0)}
2018-04-16 17:53:26,668 clerk-5 -updating cache with answer {510: (0, 0), 750: (0, 0)}
2018-04-16 17:53:26,671 db-server-7 Validation successful for clerk-1-trx-0 - Prepare OK
2018-04-16 17:53:26,668 clerk-5 -updating cache with answer {896: (0, 0), 486: (0, 0), 581: (0, 0), 166: (0, 0), 871: (0, 0)}
2018-04-16 17:53:26,668 clerk-5 -updating cache with answer {379: (0, 0)}
2018-04-16 17:53:26,670 clerk-5 -Starting prepare. Server_map: {'db-server-7': {873, 508}, 'db-server-14': {750, 510}, 'db-server-13': {379}, 'db-server-3': {896, 871, 581, 166, 486}}
2018-04-16 17:53:26,670 clerk-5 -Committing clerk-5-trx-0
2018-04-16 17:53:26,670 clerk-5 -Sending prepare to dict_keys(['db-server-7', 'db-server-14', 'db-server-13', 'db-server-3']) 
2018-04-16 17:53:26,681 db-server-7 Validation successful for clerk-4-trx-0 - Prepare OK
2018-04-16 17:53:26,692 clerk-13 -Read finished for clerk-13-trx-0
2018-04-16 17:53:26,692 clerk-13 -updating cache with answer {968: (0, 0), 358: (0, 0)}
2018-04-16 17:53:26,692 clerk-13 -updating cache with answer {960: (0, 0), 930: (0, 0), 830: (0, 0), 950: (0, 0)}
2018-04-16 17:53:26,692 clerk-13 -updating cache with answer {714: (0, 0), 69: (0, 0), 334: (0, 0), 189: (0, 0)}
2018-04-16 17:53:26,695 clerk-13 -Starting prepare. Server_map: {'db-server-7': {968, 358}, 'db-server-14': {960, 930, 950, 830}, 'db-server-13': {714, 69, 334, 189}}
2018-04-16 17:53:26,695 clerk-13 -Committing clerk-13-trx-0
2018-04-16 17:53:26,695 clerk-13 -Sending prepare to dict_keys(['db-server-7', 'db-server-14', 'db-server-13']) 
2018-04-16 17:53:26,700 clerk-11 -Read finished for clerk-11-trx-0
2018-04-16 17:53:26,700 clerk-11 -updating cache with answer {578: (0, 0), 483: (0, 0), 958: (0, 0)}
2018-04-16 17:53:26,700 clerk-11 -updating cache with answer {40: (0, 0), 855: (0, 0)}
2018-04-16 17:53:26,701 clerk-11 -updating cache with answer {592: (0, 0), 12: (0, 0), 462: (0, 0)}
2018-04-16 17:53:26,701 clerk-11 -updating cache with answer {799: (0, 0), 719: (0, 0)}
2018-04-16 17:53:26,703 clerk-11 -Starting prepare. Server_map: {'db-server-7': {578, 483, 958}, 'db-server-14': {40, 855}, 'db-server-12': {592, 12, 462}, 'db-server-13': {719, 799}}
2018-04-16 17:53:26,704 clerk-11 -Committing clerk-11-trx-0
2018-04-16 17:53:26,704 clerk-11 -Sending prepare to dict_keys(['db-server-7', 'db-server-14', 'db-server-12', 'db-server-13']) 
2018-04-16 17:53:26,715 db-server-14 Validation successful for clerk-1-trx-0 - Prepare OK
2018-04-16 17:53:26,719 db-server-7 -Validation failed for clerk-7-trx-0 - Against earlier transactions - Prepare NO
2018-04-16 17:53:26,721 clerk-6 -Read finished for clerk-6-trx-0
2018-04-16 17:53:26,722 db-server-14 Validation successful for clerk-4-trx-0 - Prepare OK
2018-04-16 17:53:26,727 db-server-13 Validation successful for clerk-1-trx-0 - Prepare OK
2018-04-16 17:53:26,722 clerk-6 -updating cache with answer {123: (0, 0), 733: (0, 0)}
2018-04-16 17:53:26,722 clerk-6 -updating cache with answer {960: (0, 0), 90: (0, 0)}
2018-04-16 17:53:26,731 db-server-13 Validation successful for clerk-4-trx-0 - Prepare OK
2018-04-16 17:53:26,722 clerk-6 -updating cache with answer {289: (0, 0)}
2018-04-16 17:53:26,722 clerk-6 -updating cache with answer {376: (0, 0), 66: (0, 0), 731: (0, 0), 941: (0, 0)}
2018-04-16 17:53:26,722 clerk-6 -updating cache with answer {327: (0, 0)}
2018-04-16 17:53:26,728 clerk-6 -Starting prepare. Server_map: {'db-server-7': {123, 733}, 'db-server-14': {960, 90}, 'db-server-3': {376, 66, 731, 941}, 'db-server-13': {289}, 'db-server-12': {327}}
2018-04-16 17:53:26,728 clerk-6 -Committing clerk-6-trx-0
2018-04-16 17:53:26,728 clerk-6 -Sending prepare to dict_keys(['db-server-7', 'db-server-14', 'db-server-3', 'db-server-13', 'db-server-12']) 
2018-04-16 17:53:26,741 clerk-3 -Read finished for clerk-3-trx-0
2018-04-16 17:53:26,741 clerk-3 -updating cache with answer {978: (0, 0), 588: (0, 0), 378: (0, 0)}
2018-04-16 17:53:26,741 clerk-3 -updating cache with answer {560: (0, 0)}
2018-04-16 17:53:26,742 clerk-3 -updating cache with answer {272: (0, 0), 257: (0, 0)}
2018-04-16 17:53:26,742 clerk-3 -updating cache with answer {744: (0, 0), 664: (0, 0), 849: (0, 0)}
2018-04-16 17:53:26,742 clerk-3 -updating cache with answer {261: (0, 0)}
2018-04-16 17:53:26,748 clerk-10 -Read finished for clerk-10-trx-0
2018-04-16 17:53:26,752 clerk-12 -Read finished for clerk-12-trx-0
2018-04-16 17:53:26,750 db-server-14 Validation successful for clerk-7-trx-0 - Prepare OK
2018-04-16 17:53:26,744 clerk-3 -Starting prepare. Server_map: {'db-server-13': {664, 744, 849}, 'db-server-7': {978, 588, 378}, 'db-server-14': {560}, 'db-server-12': {272, 257}, 'db-server-3': {261}}
2018-04-16 17:53:26,748 clerk-10 -updating cache with answer {808: (0, 0), 58: (0, 0)}
2018-04-16 17:53:26,752 clerk-12 -updating cache with answer {368: (0, 0), 563: (0, 0), 323: (0, 0)}
2018-04-16 17:53:26,744 clerk-3 -Committing clerk-3-trx-0
2018-04-16 17:53:26,749 clerk-10 -updating cache with answer {425: (0, 0), 605: (0, 0)}
2018-04-16 17:53:26,752 clerk-12 -updating cache with answer {1000: (0, 0), 785: (0, 0)}
2018-04-16 17:53:26,745 clerk-3 -Sending prepare to dict_keys(['db-server-13', 'db-server-7', 'db-server-14', 'db-server-12', 'db-server-3']) 
2018-04-16 17:53:26,749 clerk-10 -updating cache with answer {737: (0, 0), 717: (0, 0), 167: (0, 0)}
2018-04-16 17:53:26,752 clerk-12 -updating cache with answer {192: (0, 0), 502: (0, 0), 127: (0, 0)}
2018-04-16 17:53:26,752 clerk-12 -updating cache with answer {466: (0, 0), 871: (0, 0)}
2018-04-16 17:53:26,755 clerk-12 -Starting prepare. Server_map: {'db-server-7': {368, 563, 323}, 'db-server-14': {1000, 785}, 'db-server-12': {192, 502, 127}, 'db-server-3': {466, 871}}
2018-04-16 17:53:26,755 clerk-12 -Committing clerk-12-trx-0
2018-04-16 17:53:26,755 clerk-12 -Sending prepare to dict_keys(['db-server-7', 'db-server-14', 'db-server-12', 'db-server-3']) 
2018-04-16 17:53:26,761 db-server-12 Validation successful for clerk-7-trx-0 - Prepare OK
2018-04-16 17:53:26,749 clerk-10 -updating cache with answer {679: (0, 0)}
2018-04-16 17:53:26,749 clerk-10 -updating cache with answer {336: (0, 0), 126: (0, 0)}
2018-04-16 17:53:26,751 clerk-10 -Starting prepare. Server_map: {'db-server-13': {679}, 'db-server-7': {808, 58}, 'db-server-14': {425, 605}, 'db-server-12': {737, 717, 167}, 'db-server-3': {336, 126}}
2018-04-16 17:53:26,752 clerk-10 -Committing clerk-10-trx-0
2018-04-16 17:53:26,768 clerk-9 -Read finished for clerk-9-trx-0
2018-04-16 17:53:26,752 clerk-10 -Sending prepare to dict_keys(['db-server-13', 'db-server-7', 'db-server-14', 'db-server-12', 'db-server-3']) 
2018-04-16 17:53:26,769 clerk-9 -updating cache with answer {723: (0, 0), 773: (0, 0)}
2018-04-16 17:53:26,769 clerk-9 -updating cache with answer {205: (0, 0)}
2018-04-16 17:53:26,773 clerk-18 -Read finished for clerk-18-trx-0
2018-04-16 17:53:26,773 db-server-13 Validation successful for clerk-2-trx-0 - Prepare OK
2018-04-16 17:53:26,769 clerk-9 -updating cache with answer {792: (0, 0), 42: (0, 0), 222: (0, 0), 407: (0, 0)}
2018-04-16 17:53:26,769 clerk-9 -updating cache with answer {744: (0, 0), 869: (0, 0)}
2018-04-16 17:53:26,773 clerk-18 -updating cache with answer {98: (0, 0), 268: (0, 0)}
2018-04-16 17:53:26,773 clerk-18 -updating cache with answer {330: (0, 0), 380: (0, 0), 50: (0, 0)}
2018-04-16 17:53:26,773 clerk-18 -updating cache with answer {417: (0, 0), 77: (0, 0), 7: (0, 0)}
2018-04-16 17:53:26,773 clerk-18 -updating cache with answer {284: (0, 0)}
2018-04-16 17:53:26,769 clerk-9 -updating cache with answer {431: (0, 0)}
2018-04-16 17:53:26,774 clerk-18 -updating cache with answer {396: (0, 0)}
2018-04-16 17:53:26,772 clerk-9 -Starting prepare. Server_map: {'db-server-7': {723, 773}, 'db-server-14': {205}, 'db-server-12': {792, 42, 222, 407}, 'db-server-13': {744, 869}, 'db-server-3': {431}}
2018-04-16 17:53:26,776 clerk-18 -Starting prepare. Server_map: {'db-server-13': {284}, 'db-server-7': {98, 268}, 'db-server-14': {50, 380, 330}, 'db-server-12': {417, 77, 7}, 'db-server-3': {396}}
2018-04-16 17:53:26,772 clerk-9 -Committing clerk-9-trx-0
2018-04-16 17:53:26,776 clerk-18 -Committing clerk-18-trx-0
2018-04-16 17:53:26,772 clerk-9 -Sending prepare to dict_keys(['db-server-7', 'db-server-14', 'db-server-12', 'db-server-13', 'db-server-3']) 
2018-04-16 17:53:26,776 clerk-18 -Sending prepare to dict_keys(['db-server-13', 'db-server-7', 'db-server-14', 'db-server-12', 'db-server-3']) 
2018-04-16 17:53:26,791 clerk-17 -Read finished for clerk-17-trx-0
2018-04-16 17:53:26,792 clerk-17 -updating cache with answer {888: (0, 0), 538: (0, 0), 643: (0, 0)}
2018-04-16 17:53:26,792 clerk-17 -updating cache with answer {850: (0, 0)}
2018-04-16 17:53:26,792 clerk-17 -updating cache with answer {929: (0, 0), 684: (0, 0), 199: (0, 0)}
2018-04-16 17:53:26,796 db-server-7 Validation successful for clerk-5-trx-0 - Prepare OK
2018-04-16 17:53:26,792 clerk-17 -updating cache with answer {296: (0, 0), 266: (0, 0)}
2018-04-16 17:53:26,792 clerk-17 -updating cache with answer {87: (0, 0)}
2018-04-16 17:53:26,794 clerk-17 -Starting prepare. Server_map: {'db-server-7': {888, 538, 643}, 'db-server-14': {850}, 'db-server-3': {296, 266}, 'db-server-13': {929, 684, 199}, 'db-server-12': {87}}
2018-04-16 17:53:26,794 clerk-17 -Committing clerk-17-trx-0
2018-04-16 17:53:26,795 clerk-17 -Sending prepare to dict_keys(['db-server-7', 'db-server-14', 'db-server-3', 'db-server-13', 'db-server-12']) 
2018-04-16 17:53:26,799 db-server-3 Validation successful for clerk-2-trx-0 - Prepare OK
2018-04-16 17:53:26,803 clerk-2 -Received all prepare ok and sending commit to dict_keys(['db-server-13', 'db-server-7', 'db-server-14', 'db-server-12', 'db-server-3']) 
2018-04-16 17:53:26,806 clerk-8 -Read finished for clerk-8-trx-0
2018-04-16 17:53:26,806 clerk-8 -updating cache with answer {748: (0, 0), 933: (0, 0)}
2018-04-16 17:53:26,806 clerk-8 -updating cache with answer {780: (0, 0), 550: (0, 0)}
2018-04-16 17:53:26,806 clerk-8 -updating cache with answer {74: (0, 0), 734: (0, 0)}
2018-04-16 17:53:26,807 clerk-8 -updating cache with answer {1: (0, 0), 236: (0, 0), 661: (0, 0), 46: (0, 0)}
2018-04-16 17:53:26,809 clerk-8 -Starting prepare. Server_map: {'db-server-7': {748, 933}, 'db-server-14': {780, 550}, 'db-server-3': {1, 236, 661, 46}, 'db-server-13': {74, 734}}
2018-04-16 17:53:26,809 clerk-8 -Committing clerk-8-trx-0
2018-04-16 17:53:26,810 clerk-8 -Sending prepare to dict_keys(['db-server-7', 'db-server-14', 'db-server-3', 'db-server-13']) 
2018-04-16 17:53:26,822 db-server-14 Validation successful for clerk-5-trx-0 - Prepare OK
2018-04-16 17:53:26,822 clerk-15 -Read finished for clerk-15-trx-0
2018-04-16 17:53:26,822 clerk-15 -updating cache with answer {478: (0, 0)}
2018-04-16 17:53:26,822 clerk-15 -updating cache with answer {725: (0, 0), 885: (0, 0)}
2018-04-16 17:53:26,823 clerk-15 -updating cache with answer {746: (0, 0), 291: (0, 0), 6: (0, 0), 111: (0, 0)}
2018-04-16 17:53:26,828 db-server-7 Validation successful for clerk-13-trx-0 - Prepare OK
2018-04-16 17:53:26,823 clerk-15 -updating cache with answer {554: (0, 0), 259: (0, 0), 839: (0, 0)}
2018-04-16 17:53:26,825 clerk-15 -Starting prepare. Server_map: {'db-server-7': {478}, 'db-server-14': {725, 885}, 'db-server-13': {554, 259, 839}, 'db-server-3': {746, 291, 6, 111}}
2018-04-16 17:53:26,825 clerk-15 -Committing clerk-15-trx-0
2018-04-16 17:53:26,825 clerk-15 -Sending prepare to dict_keys(['db-server-7', 'db-server-14', 'db-server-13', 'db-server-3']) 
2018-04-16 17:53:26,837 db-server-7 Validation successful for clerk-11-trx-0 - Prepare OK
2018-04-16 17:53:26,838 db-server-3 Validation successful for clerk-5-trx-0 - Prepare OK
2018-04-16 17:53:26,841 clerk-20 -Read finished for clerk-20-trx-0
2018-04-16 17:53:26,841 clerk-20 -updating cache with answer {243: (0, 0), 828: (0, 0), 783: (0, 0)}
2018-04-16 17:53:26,846 db-server-13 Validation successful for clerk-5-trx-0 - Prepare OK
2018-04-16 17:53:26,842 clerk-20 -updating cache with answer {285: (0, 0), 350: (0, 0), 415: (0, 0)}
2018-04-16 17:53:26,842 clerk-20 -updating cache with answer {416: (0, 0), 651: (0, 0)}
2018-04-16 17:53:26,842 clerk-20 -updating cache with answer {739: (0, 0), 429: (0, 0)}
2018-04-16 17:53:26,849 clerk-5 -Received all prepare ok and sending commit to dict_keys(['db-server-7', 'db-server-14', 'db-server-13', 'db-server-3']) 
2018-04-16 17:53:26,845 clerk-20 -Starting prepare. Server_map: {'db-server-7': {243, 828, 783}, 'db-server-14': {285, 350, 415}, 'db-server-13': {739, 429}, 'db-server-3': {416, 651}}
2018-04-16 17:53:26,845 clerk-20 -Committing clerk-20-trx-0
2018-04-16 17:53:26,846 clerk-20 -Sending prepare to dict_keys(['db-server-7', 'db-server-14', 'db-server-13', 'db-server-3']) 
2018-04-16 17:53:26,853 db-server-14 Validation successful for clerk-13-trx-0 - Prepare OK
2018-04-16 17:53:26,860 clerk-14 -Read finished for clerk-14-trx-0
2018-04-16 17:53:26,861 db-server-14 Validation successful for clerk-11-trx-0 - Prepare OK
2018-04-16 17:53:26,860 clerk-14 -updating cache with answer {340: (0, 0), 815: (0, 0)}
2018-04-16 17:53:26,861 clerk-14 -updating cache with answer {512: (0, 0), 112: (0, 0), 987: (0, 0), 497: (0, 0)}
2018-04-16 17:53:26,861 clerk-14 -updating cache with answer {954: (0, 0), 574: (0, 0)}
2018-04-16 17:53:26,861 clerk-14 -updating cache with answer {561: (0, 0), 626: (0, 0)}
2018-04-16 17:53:26,863 clerk-14 -Starting prepare. Server_map: {'db-server-13': {954, 574}, 'db-server-14': {340, 815}, 'db-server-12': {112, 497, 987, 512}, 'db-server-3': {561, 626}}
2018-04-16 17:53:26,865 db-server-13 Validation successful for clerk-13-trx-0 - Prepare OK
2018-04-16 17:53:26,864 clerk-14 -Committing clerk-14-trx-0
2018-04-16 17:53:26,864 clerk-14 -Sending prepare to dict_keys(['db-server-13', 'db-server-14', 'db-server-12', 'db-server-3']) 
2018-04-16 17:53:26,868 clerk-13 -Received all prepare ok and sending commit to dict_keys(['db-server-7', 'db-server-14', 'db-server-13']) 
2018-04-16 17:53:26,879 db-server-12 Validation successful for clerk-11-trx-0 - Prepare OK
2018-04-16 17:53:26,880 db-server-7 Validation successful for clerk-6-trx-0 - Prepare OK
2018-04-16 17:53:26,894 clerk-19 -Read finished for clerk-19-trx-0
2018-04-16 17:53:26,894 clerk-19 -updating cache with answer {180: (0, 0), 885: (0, 0), 125: (0, 0)}
2018-04-16 17:53:26,898 db-server-7 Validation successful for clerk-3-trx-0 - Prepare OK
2018-04-16 17:53:26,898 clerk-16 -Read finished for clerk-16-trx-0
2018-04-16 17:53:26,895 clerk-19 -updating cache with answer {144: (0, 0), 874: (0, 0), 534: (0, 0)}
2018-04-16 17:53:26,895 clerk-19 -updating cache with answer {256: (0, 0)}
2018-04-16 17:53:26,895 clerk-19 -updating cache with answer {587: (0, 0), 667: (0, 0), 187: (0, 0)}
2018-04-16 17:53:26,898 clerk-16 -updating cache with answer {913: (0, 0), 938: (0, 0)}
2018-04-16 17:53:26,898 clerk-16 -updating cache with answer {180: (0, 0), 390: (0, 0)}
2018-04-16 17:53:26,897 clerk-19 -Starting prepare. Server_map: {'db-server-14': {885, 180, 125}, 'db-server-3': {256}, 'db-server-13': {144, 874, 534}, 'db-server-12': {587, 667, 187}}
2018-04-16 17:53:26,897 clerk-19 -Committing clerk-19-trx-0
2018-04-16 17:53:26,897 clerk-19 -Sending prepare to dict_keys(['db-server-14', 'db-server-3', 'db-server-13', 'db-server-12']) 
2018-04-16 17:53:26,898 clerk-16 -updating cache with answer {37: (0, 0), 422: (0, 0)}
2018-04-16 17:53:26,899 clerk-16 -updating cache with answer {649: (0, 0)}
2018-04-16 17:53:26,899 clerk-16 -updating cache with answer {736: (0, 0), 961: (0, 0), 711: (0, 0)}
2018-04-16 17:53:26,901 clerk-16 -Starting prepare. Server_map: {'db-server-13': {649}, 'db-server-7': {913, 938}, 'db-server-14': {180, 390}, 'db-server-12': {37, 422}, 'db-server-3': {736, 961, 711}}
2018-04-16 17:53:26,901 clerk-16 -Committing clerk-16-trx-0
2018-04-16 17:53:26,902 clerk-16 -Sending prepare to dict_keys(['db-server-13', 'db-server-7', 'db-server-14', 'db-server-12', 'db-server-3']) 
2018-04-16 17:53:26,908 db-server-14 -Validation failed for clerk-6-trx-0 - Against earlier transactions - Prepare NO
2018-04-16 17:53:26,917 db-server-7 Validation successful for clerk-12-trx-0 - Prepare OK
2018-04-16 17:53:26,924 db-server-0: Received heartbeat 1
2018-04-16 17:53:26,926 db-server-13 Validation successful for clerk-6-trx-0 - Prepare OK
2018-04-16 17:53:26,931 db-server-3 Validation successful for clerk-1-trx-0 - Prepare OK
2018-04-16 17:53:26,935 db-server-14 Validation successful for clerk-3-trx-0 - Prepare OK
2018-04-16 17:53:26,935 db-server-7 Validation successful for clerk-10-trx-0 - Prepare OK
2018-04-16 17:53:26,942 db-server-3 Validation successful for clerk-4-trx-0 - Prepare OK
2018-04-16 17:53:26,943 db-server-0: Received heartbeat 1
2018-04-16 17:53:26,945 db-server-12 Validation successful for clerk-3-trx-0 - Prepare OK
2018-04-16 17:53:26,952 db-server-4: Received heartbeat 1
2018-04-16 17:53:26,952 db-server-1: Received heartbeat 1
2018-04-16 17:53:26,953 db-server-14 Validation successful for clerk-12-trx-0 - Prepare OK
2018-04-16 17:53:26,961 db-server-12 Validation successful for clerk-1-trx-0 - Prepare OK
2018-04-16 17:53:26,964 db-server-12 Validation successful for clerk-12-trx-0 - Prepare OK
2018-04-16 17:53:26,967 db-server-14 Validation successful for clerk-10-trx-0 - Prepare OK
2018-04-16 17:53:26,966 clerk-1 -Received all prepare ok and sending commit to dict_keys(['db-server-7', 'db-server-14', 'db-server-3', 'db-server-13', 'db-server-12']) 
2018-04-16 17:53:26,966 db-server-7 Validation successful for clerk-18-trx-0 - Prepare OK
2018-04-16 17:53:26,969 db-server-12 Validation successful for clerk-4-trx-0 - Prepare OK
2018-04-16 17:53:26,972 db-server-5: Received heartbeat 1
2018-04-16 17:53:26,974 clerk-4 -Received all prepare ok and sending commit to dict_keys(['db-server-7', 'db-server-14', 'db-server-3', 'db-server-13', 'db-server-12']) 
2018-04-16 17:53:26,975 db-server-12 Validation successful for clerk-10-trx-0 - Prepare OK
2018-04-16 17:53:26,977 db-server-7 Validation successful for clerk-9-trx-0 - Prepare OK
2018-04-16 17:53:26,982 db-server-6: Received heartbeat 1
2018-04-16 17:53:26,982 db-server-9: Received heartbeat 1
2018-04-16 17:53:26,989 db-server-13 Validation successful for clerk-7-trx-0 - Prepare OK
2018-04-16 17:53:26,993 clerk-7 -Aborting clerk-7-trx-0
2018-04-16 17:53:26,995 db-server-7 -Validation failed for clerk-17-trx-0 - Against earlier transactions - Prepare NO
2018-04-16 17:53:26,996 db-server-13 - Aborting transaction clerk-7-trx-0
2018-04-16 17:53:26,996 db-server-14 - Aborting transaction clerk-7-trx-0
2018-04-16 17:53:26,998 db-server-12 - Aborting transaction clerk-7-trx-0
2018-04-16 17:53:27,002 db-server-14 Validation successful for clerk-18-trx-0 - Prepare OK
2018-04-16 17:53:27,004 db-server-12 Validation successful for clerk-18-trx-0 - Prepare OK
2018-04-16 17:53:27,008 db-server-14 Validation successful for clerk-9-trx-0 - Prepare OK
2018-04-16 17:53:27,012 db-server-7 -Committing clerk-2-trx-0 with 
read_set: dict_keys([488])
write_set: dict_keys([488])
2018-04-16 17:53:27,022 db-server-12 Validation successful for clerk-9-trx-0 - Prepare OK
2018-04-16 17:53:27,024 db-server-14 Validation successful for clerk-17-trx-0 - Prepare OK
2018-04-16 17:53:27,024 clerk-2 -Received cache invalidation for 488
2018-04-16 17:53:27,012 db-server-7 -Sending cache invalidation for 488
2018-04-16 17:53:27,027 db-server-13 Validation successful for clerk-9-trx-0 - Prepare OK
2018-04-16 17:53:27,028 db-server-7 Validation successful for clerk-8-trx-0 - Prepare OK
2018-04-16 17:53:27,033 db-server-13 Validation successful for clerk-17-trx-0 - Prepare OK
2018-04-16 17:53:27,034 db-server-14 -Committing clerk-2-trx-0 with 
read_set: dict_keys([490])
write_set: dict_keys([490])
2018-04-16 17:53:27,037 db-server-3 Validation successful for clerk-17-trx-0 - Prepare OK
2018-04-16 17:53:27,038 db-server-4: appended trx clerk-2-trx-0 as follower
2018-04-16 17:53:27,039 db-server-7 Validation successful for clerk-15-trx-0 - Prepare OK
2018-04-16 17:53:27,034 db-server-14 -Sending cache invalidation for 490
2018-04-16 17:53:27,044 clerk-2 -Received cache invalidation for 490
2018-04-16 17:53:27,044 db-server-12 -Committing clerk-2-trx-0 with 
read_set: dict_keys([432])
write_set: dict_keys([432])
2018-04-16 17:53:27,049 db-server-13 Validation successful for clerk-8-trx-0 - Prepare OK
2018-04-16 17:53:27,046 db-server-14 Validation successful for clerk-8-trx-0 - Prepare OK
2018-04-16 17:53:27,054 clerk-2 -Received cache invalidation for 432
2018-04-16 17:53:27,055 db-server-7 Validation successful for clerk-20-trx-0 - Prepare OK
2018-04-16 17:53:27,044 db-server-12 -Sending cache invalidation for 432
2018-04-16 17:53:27,057 db-server-14 Validation successful for clerk-15-trx-0 - Prepare OK
2018-04-16 17:53:27,061 db-server-6: appended trx clerk-2-trx-0 as follower
2018-04-16 17:53:27,064 db-server-7 -Committing clerk-5-trx-0 with 
read_set: dict_keys([873, 508])
write_set: dict_keys([508])
2018-04-16 17:53:27,068 db-server-3 Validation successful for clerk-15-trx-0 - Prepare OK
2018-04-16 17:53:27,072 db-server-0: appended trx clerk-2-trx-0 as follower
2018-04-16 17:53:27,076 db-server-14 Validation successful for clerk-14-trx-0 - Prepare OK
2018-04-16 17:53:27,081 clerk-5 -Received cache invalidation for 508
2018-04-16 17:53:27,064 db-server-7 -Sending cache invalidation for 508
2018-04-16 17:53:27,084 db-server-14 Validation successful for clerk-20-trx-0 - Prepare OK
2018-04-16 17:53:27,087 db-server-7 -Committing clerk-13-trx-0 with 
read_set: dict_keys([968, 358])
write_set: dict_keys([968])
2018-04-16 17:53:27,091 db-server-14 -Committing clerk-5-trx-0 with 
read_set: dict_keys([750, 510])
write_set: dict_keys([510])
2018-04-16 17:53:27,093 db-server-3 Validation successful for clerk-20-trx-0 - Prepare OK
2018-04-16 17:53:27,095 clerk-13 -Received cache invalidation for 968
2018-04-16 17:53:27,087 db-server-7 -Sending cache invalidation for 968
2018-04-16 17:53:27,091 db-server-14 -Sending cache invalidation for 510
2018-04-16 17:53:27,100 clerk-5 -Received cache invalidation for 510
2018-04-16 17:53:27,100 db-server-12 Validation successful for clerk-14-trx-0 - Prepare OK
2018-04-16 17:53:27,102 db-server-4: appended trx clerk-5-trx-0 as follower
2018-04-16 17:53:27,103 db-server-14 -Validation failed for clerk-19-trx-0 - Against earlier transactions - Prepare NO
2018-04-16 17:53:27,103 db-server-11: Received heartbeat 1
2018-04-16 17:53:27,104 db-server-13 Validation successful for clerk-14-trx-0 - Prepare OK
2018-04-16 17:53:27,107 db-server-6: appended trx clerk-5-trx-0 as follower
2018-04-16 17:53:27,107 db-server-14 -Committing clerk-13-trx-0 with 
read_set: dict_keys([960, 930, 950, 830])
write_set: dict_keys([960, 830, 950])
2018-04-16 17:53:27,115 db-server-7 Validation successful for clerk-16-trx-0 - Prepare OK
2018-04-16 17:53:27,115 db-server-13 Validation successful for clerk-11-trx-0 - Prepare OK
2018-04-16 17:53:27,121 clerk-6 -Received cache invalidation for 960
2018-04-16 17:53:27,121 db-server-3 Validation successful for clerk-6-trx-0 - Prepare OK
2018-04-16 17:53:27,122 clerk-13 -Received cache invalidation for 960
2018-04-16 17:53:27,107 db-server-14 -Sending cache invalidation for 960
2018-04-16 17:53:27,126 db-server-12 Validation successful for clerk-19-trx-0 - Prepare OK
2018-04-16 17:53:27,127 clerk-13 -Received cache invalidation for 830
2018-04-16 17:53:27,109 db-server-14 -Sending cache invalidation for 960
2018-04-16 17:53:27,125 db-server-3 Validation successful for clerk-19-trx-0 - Prepare OK
2018-04-16 17:53:27,130 clerk-13 -Received cache invalidation for 950
2018-04-16 17:53:27,111 db-server-14 -Sending cache invalidation for 830
2018-04-16 17:53:27,132 clerk-11 -Received all prepare ok and sending commit to dict_keys(['db-server-7', 'db-server-14', 'db-server-12', 'db-server-13']) 
2018-04-16 17:53:27,112 db-server-14 -Sending cache invalidation for 950
2018-04-16 17:53:27,133 db-server-13 Validation successful for clerk-19-trx-0 - Prepare OK
2018-04-16 17:53:27,134 db-server-14 Validation successful for clerk-16-trx-0 - Prepare OK
2018-04-16 17:53:27,136 clerk-19 -Aborting clerk-19-trx-0
2018-04-16 17:53:27,138 db-server-7 -Committing clerk-1-trx-0 with 
read_set: dict_keys([668, 293])
write_set: dict_keys([293])
2018-04-16 17:53:27,139 db-server-13 - Aborting transaction clerk-19-trx-0
2018-04-16 17:53:27,139 db-server-3 - Aborting transaction clerk-19-trx-0
2018-04-16 17:53:27,140 db-server-12 - Aborting transaction clerk-19-trx-0
2018-04-16 17:53:27,143 db-server-12 Validation successful for clerk-16-trx-0 - Prepare OK
2018-04-16 17:53:27,149 db-server-13 -Validation failed for clerk-3-trx-0 - Against later transactions - Prepare NO
2018-04-16 17:53:27,149 db-server-3 -Committing clerk-5-trx-0 with 
read_set: dict_keys([896, 871, 581, 486, 166])
write_set: dict_keys([166, 871])
2018-04-16 17:53:27,151 clerk-6 -Aborting clerk-6-trx-0
2018-04-16 17:53:27,138 db-server-7 -Sending cache invalidation for 293
2018-04-16 17:53:27,154 db-server-13 - Aborting transaction clerk-6-trx-0
2018-04-16 17:53:27,153 clerk-7 -Received cache invalidation for 293
2018-04-16 17:53:27,152 clerk-1 -Received cache invalidation for 293
2018-04-16 17:53:27,147 db-server-12 Validation successful for clerk-6-trx-0 - Prepare OK
2018-04-16 17:53:27,158 db-server-13 -Committing clerk-13-trx-0 with 
read_set: dict_keys([714, 69, 334, 189])
write_set: dict_keys([69])
2018-04-16 17:53:27,154 db-server-12 - Aborting transaction clerk-6-trx-0
2018-04-16 17:53:27,149 db-server-3 -Sending cache invalidation for 166
2018-04-16 17:53:27,164 clerk-12 -Received cache invalidation for 871
2018-04-16 17:53:27,163 db-server-14 -Committing clerk-1-trx-0 with 
read_set: dict_keys([920, 860])
write_set: dict_keys([920, 860])
2018-04-16 17:53:27,165 clerk-13 -Received cache invalidation for 69
2018-04-16 17:53:27,164 clerk-5 -Received cache invalidation for 166
2018-04-16 17:53:27,153 db-server-3 -Sending cache invalidation for 871
2018-04-16 17:53:27,168 db-server-8: Received heartbeat 1
2018-04-16 17:53:27,158 db-server-13 -Sending cache invalidation for 69
2018-04-16 17:53:27,166 clerk-13 -Committed clerk-13-trx-0 
2018-04-16 17:53:27,168 clerk-5 -Received cache invalidation for 871
2018-04-16 17:53:27,169 db-server-13 Validation successful for clerk-10-trx-0 - Prepare OK
2018-04-16 17:53:27,154 db-server-3 -Sending cache invalidation for 871
2018-04-16 17:53:27,174 clerk-12 -Aborting clerk-12-trx-0
2018-04-16 17:53:27,174 clerk-17 -Received cache invalidation for 538
2018-04-16 17:53:27,175 clerk-4 -Received cache invalidation for 538
2018-04-16 17:53:27,142 db-server-7 -Sending cache invalidation for 293
2018-04-16 17:53:27,168 db-server-3 - Aborting transaction clerk-6-trx-0
2018-04-16 17:53:27,178 db-server-13 -Committing clerk-1-trx-0 with 
read_set: dict_keys([344, 104, 814])
write_set: dict_keys([104, 344])
2018-04-16 17:53:27,171 db-server-3 -conflict, (0, 0), (5, 1, 1523915606.6703296)
2018-04-16 17:53:27,181 clerk-3 -Aborting clerk-3-trx-0
2018-04-16 17:53:27,157 db-server-7 -Committing clerk-4-trx-0 with 
read_set: dict_keys([538, 348, 598])
write_set: dict_keys([538, 598])
2018-04-16 17:53:27,185 clerk-4 -Received cache invalidation for 598
2018-04-16 17:53:27,175 db-server-3 Validation successful for clerk-3-trx-0 - Prepare OK
2018-04-16 17:53:27,179 db-server-13 -Sending cache invalidation for 104
2018-04-16 17:53:27,186 clerk-1 -Received cache invalidation for 104
2018-04-16 17:53:27,186 db-server-12 - Aborting transaction clerk-12-trx-0
2018-04-16 17:53:27,189 clerk-1 -Received cache invalidation for 344
2018-04-16 17:53:27,184 db-server-3 - Aborting transaction clerk-3-trx-0
2018-04-16 17:53:27,192 clerk-1 -Received cache invalidation for 920
2018-04-16 17:53:27,163 db-server-14 -Sending cache invalidation for 920
2018-04-16 17:53:27,158 db-server-7 -Sending cache invalidation for 538
2018-04-16 17:53:27,195 db-server-11: appended trx clerk-5-trx-0 as follower
2018-04-16 17:53:27,196 clerk-1 -Received cache invalidation for 860
2018-04-16 17:53:27,197 db-server-3 Validation successful for clerk-10-trx-0 - Prepare OK
2018-04-16 17:53:27,159 db-server-7 -Sending cache invalidation for 538
2018-04-16 17:53:27,190 db-server-12 - Aborting transaction clerk-3-trx-0
2018-04-16 17:53:27,161 db-server-7 -Sending cache invalidation for 598
2018-04-16 17:53:27,203 clerk-10 -Received all prepare ok and sending commit to dict_keys(['db-server-13', 'db-server-7', 'db-server-14', 'db-server-12', 'db-server-3']) 
2018-04-16 17:53:27,176 db-server-7 - Aborting transaction clerk-6-trx-0
2018-04-16 17:53:27,204 clerk-4 -Received cache invalidation for 229
2018-04-16 17:53:27,204 db-server-3 Validation successful for clerk-9-trx-0 - Prepare OK
2018-04-16 17:53:27,180 db-server-13 -Sending cache invalidation for 344
2018-04-16 17:53:27,187 db-server-7 - Aborting transaction clerk-12-trx-0
2018-04-16 17:53:27,194 db-server-7 - Aborting transaction clerk-3-trx-0
2018-04-16 17:53:27,187 db-server-13 -Committing clerk-4-trx-0 with 
read_set: dict_keys([229])
write_set: dict_keys([229])
2018-04-16 17:53:27,210 clerk-9 -Received all prepare ok and sending commit to dict_keys(['db-server-7', 'db-server-14', 'db-server-12', 'db-server-13', 'db-server-3']) 
2018-04-16 17:53:27,187 db-server-13 -Sending cache invalidation for 229
2018-04-16 17:53:27,206 db-server-13 Validation successful for clerk-18-trx-0 - Prepare OK
2018-04-16 17:53:27,211 db-server-12 Validation successful for clerk-17-trx-0 - Prepare OK
2018-04-16 17:53:27,169 db-server-14 -Sending cache invalidation for 860
2018-04-16 17:53:27,217 clerk-17 -Aborting clerk-17-trx-0
2018-04-16 17:53:27,218 db-server-3 Validation successful for clerk-18-trx-0 - Prepare OK
2018-04-16 17:53:27,219 db-server-12 - Aborting transaction clerk-17-trx-0
2018-04-16 17:53:27,220 db-server-3 - Aborting transaction clerk-17-trx-0
2018-04-16 17:53:27,225 db-server-13 - Aborting transaction clerk-17-trx-0
2018-04-16 17:53:27,230 db-server-3 Validation successful for clerk-8-trx-0 - Prepare OK
2018-04-16 17:53:27,227 clerk-18 -Received all prepare ok and sending commit to dict_keys(['db-server-13', 'db-server-7', 'db-server-14', 'db-server-12', 'db-server-3']) 
2018-04-16 17:53:27,196 db-server-14 -Committing clerk-4-trx-0 with 
read_set: dict_keys([90, 540])
write_set: dict_keys([])
2018-04-16 17:53:27,235 clerk-8 -Received all prepare ok and sending commit to dict_keys(['db-server-7', 'db-server-14', 'db-server-3', 'db-server-13']) 
2018-04-16 17:53:27,215 db-server-14 - Aborting transaction clerk-12-trx-0
2018-04-16 17:53:27,221 db-server-14 - Aborting transaction clerk-3-trx-0
2018-04-16 17:53:27,229 db-server-14 - Aborting transaction clerk-17-trx-0
2018-04-16 17:53:27,228 db-server-13 -Committing clerk-2-trx-0 with 
read_set: dict_keys([99, 659, 479])
write_set: dict_keys([479])
2018-04-16 17:53:27,241 clerk-2 -Received cache invalidation for 479
2018-04-16 17:53:27,228 db-server-13 -Sending cache invalidation for 479
2018-04-16 17:53:27,245 db-server-3 -Committing clerk-2-trx-0 with 
read_set: dict_keys([216, 706, 491, 591])
write_set: dict_keys([216])
2018-04-16 17:53:27,249 clerk-15 -Received all prepare ok and sending commit to dict_keys(['db-server-7', 'db-server-14', 'db-server-13', 'db-server-3']) 
2018-04-16 17:53:27,253 db-server-1: appended trx clerk-2-trx-0 as follower
2018-04-16 17:53:27,255 db-server-4: appended trx clerk-13-trx-0 as follower
2018-04-16 17:53:27,260 clerk-5 -Received cache invalidation for 379
2018-04-16 17:53:27,262 clerk-2 -Committed clerk-2-trx-0 
2018-04-16 17:53:27,244 db-server-13 Validation successful for clerk-15-trx-0 - Prepare OK
2018-04-16 17:53:27,262 clerk-5 -Committed clerk-5-trx-0 
2018-04-16 17:53:27,250 db-server-13 -Committing clerk-5-trx-0 with 
read_set: dict_keys([379])
write_set: dict_keys([379])
2018-04-16 17:53:27,265 db-server-6: appended trx clerk-13-trx-0 as follower
2018-04-16 17:53:27,250 db-server-13 -Sending cache invalidation for 379
2018-04-16 17:53:27,246 db-server-3 -Sending cache invalidation for 216
2018-04-16 17:53:27,267 db-server-7 -Committing clerk-11-trx-0 with 
read_set: dict_keys([578, 483, 958])
write_set: dict_keys([483])
2018-04-16 17:53:27,272 db-server-13 Validation successful for clerk-20-trx-0 - Prepare OK
2018-04-16 17:53:27,275 clerk-20 -Received all prepare ok and sending commit to dict_keys(['db-server-7', 'db-server-14', 'db-server-13', 'db-server-3']) 
2018-04-16 17:53:27,282 db-server-3 Validation successful for clerk-14-trx-0 - Prepare OK
2018-04-16 17:53:27,286 clerk-11 -Received cache invalidation for 483
2018-04-16 17:53:27,286 clerk-14 -Received all prepare ok and sending commit to dict_keys(['db-server-13', 'db-server-14', 'db-server-12', 'db-server-3']) 
2018-04-16 17:53:27,267 db-server-7 -Sending cache invalidation for 483
2018-04-16 17:53:27,290 db-server-14 -Committing clerk-11-trx-0 with 
read_set: dict_keys([40, 855])
write_set: dict_keys([40, 855])
2018-04-16 17:53:27,296 db-server-13 Validation successful for clerk-16-trx-0 - Prepare OK
2018-04-16 17:53:27,299 db-server-12 -Committing clerk-11-trx-0 with 
read_set: dict_keys([592, 12, 462])
write_set: dict_keys([592, 12])
2018-04-16 17:53:27,302 db-server-13 -Committing clerk-11-trx-0 with 
read_set: dict_keys([719, 799])
write_set: dict_keys([])
2018-04-16 17:53:27,309 db-server-3 Validation successful for clerk-16-trx-0 - Prepare OK
2018-04-16 17:53:27,310 clerk-11 -Received cache invalidation for 40
2018-04-16 17:53:27,291 db-server-14 -Sending cache invalidation for 40
2018-04-16 17:53:27,314 clerk-11 -Received cache invalidation for 855
2018-04-16 17:53:27,315 clerk-16 -Received all prepare ok and sending commit to dict_keys(['db-server-13', 'db-server-7', 'db-server-14', 'db-server-12', 'db-server-3']) 
2018-04-16 17:53:27,315 clerk-11 -Committed clerk-11-trx-0 
2018-04-16 17:53:27,299 db-server-12 -Sending cache invalidation for 592
2018-04-16 17:53:27,317 clerk-11 -Received cache invalidation for 592
2018-04-16 17:53:27,295 db-server-14 -Sending cache invalidation for 855
2018-04-16 17:53:27,319 db-server-3 -Committing clerk-1-trx-0 with 
read_set: dict_keys([81])
write_set: dict_keys([])
2018-04-16 17:53:27,323 db-server-7 -Committing clerk-10-trx-0 with 
read_set: dict_keys([808, 58])
write_set: dict_keys([808, 58])
2018-04-16 17:53:27,323 db-server-0: appended trx clerk-11-trx-0 as follower
2018-04-16 17:53:27,302 db-server-12 -Sending cache invalidation for 12
2018-04-16 17:53:27,331 db-server-12 -Committing clerk-1-trx-0 with 
read_set: dict_keys([947, 662])
write_set: dict_keys([])
2018-04-16 17:53:27,336 db-server-3 -Committing clerk-4-trx-0 with 
read_set: dict_keys([106, 926, 71])
write_set: dict_keys([926, 71])
2018-04-16 17:53:27,339 db-server-14 -Committing clerk-10-trx-0 with 
read_set: dict_keys([425, 605])
write_set: dict_keys([425, 605])
2018-04-16 17:53:27,341 clerk-1 -Committed clerk-1-trx-0 
2018-04-16 17:53:27,343 clerk-10 -Received cache invalidation for 808
2018-04-16 17:53:27,323 db-server-7 -Sending cache invalidation for 808
2018-04-16 17:53:27,347 clerk-10 -Received cache invalidation for 58
2018-04-16 17:53:27,348 db-server-12 -Committing clerk-10-trx-0 with 
read_set: dict_keys([737, 717, 167])
write_set: dict_keys([])
2018-04-16 17:53:27,327 db-server-7 -Sending cache invalidation for 58
2018-04-16 17:53:27,351 clerk-4 -Received cache invalidation for 926
2018-04-16 17:53:27,336 db-server-3 -Sending cache invalidation for 926
2018-04-16 17:53:27,352 clerk-4 -Received cache invalidation for 71
2018-04-16 17:53:27,353 db-server-5: Received heartbeat 1
2018-04-16 17:53:27,339 db-server-3 -Sending cache invalidation for 71
2018-04-16 17:53:27,349 db-server-7 -Committing clerk-9-trx-0 with 
read_set: dict_keys([723, 773])
write_set: dict_keys([])
2018-04-16 17:53:27,359 db-server-12 -Committing clerk-4-trx-0 with 
read_set: dict_keys([587])
write_set: dict_keys([])
2018-04-16 17:53:27,368 clerk-4 -Committed clerk-4-trx-0 
2018-04-16 17:53:27,368 db-server-8: appended trx clerk-5-trx-0 as follower
2018-04-16 17:53:27,340 db-server-14 -Sending cache invalidation for 425
2018-04-16 17:53:27,367 clerk-10 -Received cache invalidation for 425
2018-04-16 17:53:27,376 db-server-9: appended trx clerk-2-trx-0 as follower
2018-04-16 17:53:27,379 clerk-10 -Received cache invalidation for 605
2018-04-16 17:53:27,368 db-server-7 -Committing clerk-18-trx-0 with 
read_set: dict_keys([98, 268])
write_set: dict_keys([98])
2018-04-16 17:53:27,379 db-server-12 -Committing clerk-9-trx-0 with 
read_set: dict_keys([792, 42, 222, 407])
write_set: dict_keys([792, 42, 222])
2018-04-16 17:53:27,386 clerk-18 -Received cache invalidation for 98
2018-04-16 17:53:27,386 db-server-13 -Committing clerk-9-trx-0 with 
read_set: dict_keys([744, 869])
write_set: dict_keys([869])
2018-04-16 17:53:27,368 db-server-7 -Sending cache invalidation for 98
2018-04-16 17:53:27,344 db-server-14 -Sending cache invalidation for 605
2018-04-16 17:53:27,379 db-server-12 -Sending cache invalidation for 792
2018-04-16 17:53:27,397 clerk-9 -Received cache invalidation for 792
2018-04-16 17:53:27,383 db-server-12 -Sending cache invalidation for 42
2018-04-16 17:53:27,379 db-server-14 -Committing clerk-9-trx-0 with 
read_set: dict_keys([205])
write_set: dict_keys([])
2018-04-16 17:53:27,399 clerk-9 -Received cache invalidation for 42
2018-04-16 17:53:27,384 db-server-7 -Committing clerk-15-trx-0 with 
read_set: dict_keys([478])
write_set: dict_keys([])
2018-04-16 17:53:27,403 db-server-7 -Committing clerk-8-trx-0 with 
read_set: dict_keys([748, 933])
write_set: dict_keys([933])
2018-04-16 17:53:27,406 db-server-11: appended trx clerk-2-trx-0 as follower
2018-04-16 17:53:27,406 clerk-9 -Received cache invalidation for 869
2018-04-16 17:53:27,387 db-server-13 -Sending cache invalidation for 869
2018-04-16 17:53:27,408 db-server-3 -Committing clerk-9-trx-0 with 
read_set: dict_keys([431])
write_set: dict_keys([431])
2018-04-16 17:53:27,384 db-server-12 -Sending cache invalidation for 222
2018-04-16 17:53:27,416 clerk-9 -Received cache invalidation for 222
2018-04-16 17:53:27,399 db-server-12 -Committing clerk-18-trx-0 with 
read_set: dict_keys([417, 77, 7])
write_set: dict_keys([])
2018-04-16 17:53:27,419 clerk-18 -Received cache invalidation for 330
2018-04-16 17:53:27,400 db-server-14 -Committing clerk-18-trx-0 with 
read_set: dict_keys([330, 380, 50])
write_set: dict_keys([330, 380])
2018-04-16 17:53:27,422 clerk-18 -Received cache invalidation for 380
2018-04-16 17:53:27,422 clerk-9 -Received cache invalidation for 431
2018-04-16 17:53:27,424 clerk-9 -Committed clerk-9-trx-0 
2018-04-16 17:53:27,423 clerk-8 -Received cache invalidation for 933
2018-04-16 17:53:27,408 db-server-3 -Sending cache invalidation for 431
2018-04-16 17:53:27,404 db-server-7 -Sending cache invalidation for 933
2018-04-16 17:53:27,430 db-server-7 -Committing clerk-20-trx-0 with 
read_set: dict_keys([243, 828, 783])
write_set: dict_keys([243, 828, 783])
2018-04-16 17:53:27,431 db-server-3 -Committing clerk-15-trx-0 with 
read_set: dict_keys([746, 291, 6, 111])
write_set: dict_keys([746, 6, 111])
2018-04-16 17:53:27,433 db-server-13 -Committing clerk-15-trx-0 with 
read_set: dict_keys([554, 259, 839])
write_set: dict_keys([])
2018-04-16 17:53:27,444 clerk-19 -Received cache invalidation for 885
2018-04-16 17:53:27,401 db-server-14 -Sending cache invalidation for 330
2018-04-16 17:53:27,447 clerk-20 -Received cache invalidation for 243
2018-04-16 17:53:27,431 db-server-3 -Sending cache invalidation for 746
2018-04-16 17:53:27,448 clerk-15 -Received cache invalidation for 885
2018-04-16 17:53:27,430 db-server-7 -Sending cache invalidation for 243
2018-04-16 17:53:27,449 clerk-15 -Received cache invalidation for 746
2018-04-16 17:53:27,404 db-server-14 -Sending cache invalidation for 380
2018-04-16 17:53:27,450 clerk-15 -Committed clerk-15-trx-0 
2018-04-16 17:53:27,452 db-server-13 -Committing clerk-8-trx-0 with 
read_set: dict_keys([74, 734])
write_set: dict_keys([74, 734])
2018-04-16 17:53:27,435 db-server-3 -Sending cache invalidation for 6
2018-04-16 17:53:27,454 clerk-20 -Received cache invalidation for 828
2018-04-16 17:53:27,434 db-server-7 -Sending cache invalidation for 828
2018-04-16 17:53:27,457 db-server-12 -Committing clerk-14-trx-0 with 
read_set: dict_keys([512, 112, 987, 497])
write_set: dict_keys([497])
2018-04-16 17:53:27,434 db-server-7 -Sending cache invalidation for 783
2018-04-16 17:53:27,458 clerk-20 -Received cache invalidation for 783
2018-04-16 17:53:27,468 db-server-7 -Committing clerk-16-trx-0 with 
read_set: dict_keys([913, 938])
write_set: dict_keys([])
2018-04-16 17:53:27,468 db-server-4: appended trx clerk-1-trx-0 as follower
2018-04-16 17:53:27,471 clerk-14 -Received cache invalidation for 497
2018-04-16 17:53:27,459 db-server-12 -Sending cache invalidation for 497
2018-04-16 17:53:27,472 clerk-8 -Received cache invalidation for 74
2018-04-16 17:53:27,472 clerk-20 -Received cache invalidation for 416
2018-04-16 17:53:27,436 db-server-3 -Sending cache invalidation for 111
2018-04-16 17:53:27,454 db-server-13 -Sending cache invalidation for 74
2018-04-16 17:53:27,474 clerk-8 -Received cache invalidation for 550
2018-04-16 17:53:27,454 db-server-3 -Committing clerk-20-trx-0 with 
read_set: dict_keys([416, 651])
write_set: dict_keys([416])
2018-04-16 17:53:27,482 clerk-8 -Received cache invalidation for 734
2018-04-16 17:53:27,454 db-server-3 -Sending cache invalidation for 416
2018-04-16 17:53:27,490 clerk-14 -Received cache invalidation for 626
2018-04-16 17:53:27,478 db-server-3 -Committing clerk-14-trx-0 with 
read_set: dict_keys([561, 626])
write_set: dict_keys([626])
2018-04-16 17:53:27,479 db-server-3 -Sending cache invalidation for 626
2018-04-16 17:53:27,458 db-server-13 -Sending cache invalidation for 734
2018-04-16 17:53:27,497 db-server-12 -Committing clerk-16-trx-0 with 
read_set: dict_keys([37, 422])
write_set: dict_keys([37, 422])
2018-04-16 17:53:27,421 db-server-14 -Committing clerk-15-trx-0 with 
read_set: dict_keys([885, 725])
write_set: dict_keys([885, 725])
2018-04-16 17:53:27,497 clerk-14 -Received cache invalidation for 340
2018-04-16 17:53:27,497 clerk-7 -Starting read for: dict_keys([293])
2018-04-16 17:53:27,498 clerk-7 -Sending reads to dict_keys(['db-server-7']) 
2018-04-16 17:53:27,500 db-server-6: appended trx clerk-1-trx-0 as follower
2018-04-16 17:53:27,508 db-server-3 -Committing clerk-10-trx-0 with 
read_set: dict_keys([336, 126])
write_set: dict_keys([126])
2018-04-16 17:53:27,509 clerk-16 -Received cache invalidation for 37
2018-04-16 17:53:27,497 db-server-12 -Sending cache invalidation for 37
2018-04-16 17:53:27,513 clerk-14 -Committed clerk-14-trx-0 
2018-04-16 17:53:27,483 db-server-13 -Committing clerk-20-trx-0 with 
read_set: dict_keys([739, 429])
write_set: dict_keys([])
2018-04-16 17:53:27,499 db-server-12 -Sending cache invalidation for 422
2018-04-16 17:53:27,513 clerk-16 -Received cache invalidation for 422
2018-04-16 17:53:27,515 clerk-14 -Received cache invalidation for 954
2018-04-16 17:53:27,519 clerk-20 -Committed clerk-20-trx-0 
2018-04-16 17:53:27,526 clerk-10 -Received cache invalidation for 126
2018-04-16 17:53:27,508 db-server-3 -Sending cache invalidation for 126
2018-04-16 17:53:27,421 db-server-14 -Sending cache invalidation for 885
2018-04-16 17:53:27,532 db-server-8: appended trx clerk-2-trx-0 as follower
2018-04-16 17:53:27,533 db-server-3 -Committing clerk-18-trx-0 with 
read_set: dict_keys([396])
write_set: dict_keys([396])
2018-04-16 17:53:27,532 clerk-10 -Committed clerk-10-trx-0 
2018-04-16 17:53:27,537 clerk-7 -Read finished for clerk-7-trx-1
2018-04-16 17:53:27,538 clerk-7 -updating cache with answer {293: (1, 1)}
2018-04-16 17:53:27,541 clerk-7 -Starting prepare. Server_map: {'db-server-7': {903, 33, 68, 293, 693}, 'db-server-14': {475, 655}, 'db-server-12': {542}, 'db-server-13': {9, 679}}
2018-04-16 17:53:27,541 clerk-7 -Committing clerk-7-trx-1
2018-04-16 17:53:27,541 clerk-7 -Sending prepare to dict_keys(['db-server-7', 'db-server-14', 'db-server-12', 'db-server-13']) 
2018-04-16 17:53:27,549 clerk-18 -Received cache invalidation for 396
2018-04-16 17:53:27,554 clerk-16 -Received cache invalidation for 390
2018-04-16 17:53:27,556 clerk-18 -Committed clerk-18-trx-0 
2018-04-16 17:53:27,496 db-server-13 -Committing clerk-14-trx-0 with 
read_set: dict_keys([954, 574])
write_set: dict_keys([954, 574])
2018-04-16 17:53:27,560 db-server-1: appended trx clerk-5-trx-0 as follower
2018-04-16 17:53:27,425 db-server-14 -Sending cache invalidation for 885
2018-04-16 17:53:27,571 db-server-11: appended trx clerk-1-trx-0 as follower
2018-04-16 17:53:27,570 clerk-8 -Committed clerk-8-trx-0 
2018-04-16 17:53:27,496 db-server-13 -Sending cache invalidation for 954
2018-04-16 17:53:27,569 db-server-5: appended trx clerk-13-trx-0 as follower
2018-04-16 17:53:27,569 db-server-9: appended trx clerk-5-trx-0 as follower
2018-04-16 17:53:27,428 db-server-14 -Sending cache invalidation for 725
2018-04-16 17:53:27,533 db-server-3 -Sending cache invalidation for 396
2018-04-16 17:53:27,453 db-server-14 -Committing clerk-8-trx-0 with 
read_set: dict_keys([780, 550])
write_set: dict_keys([550])
2018-04-16 17:53:27,454 db-server-14 -Sending cache invalidation for 550
2018-04-16 17:53:27,476 db-server-14 -Committing clerk-14-trx-0 with 
read_set: dict_keys([340, 815])
write_set: dict_keys([340])
2018-04-16 17:53:27,550 db-server-3 -Committing clerk-8-trx-0 with 
read_set: dict_keys([1, 236, 661, 46])
write_set: dict_keys([661])
2018-04-16 17:53:27,476 db-server-14 -Sending cache invalidation for 340
2018-04-16 17:53:27,500 db-server-14 -Committing clerk-20-trx-0 with 
read_set: dict_keys([285, 350, 415])
write_set: dict_keys([350])
2018-04-16 17:53:27,500 db-server-14 -Sending cache invalidation for 350
2018-04-16 17:53:27,534 db-server-14 -Committing clerk-16-trx-0 with 
read_set: dict_keys([180, 390])
write_set: dict_keys([390])
2018-04-16 17:53:27,577 db-server-4: appended trx clerk-4-trx-0 as follower
2018-04-16 17:53:27,534 db-server-14 -Sending cache invalidation for 390
2018-04-16 17:53:27,582 db-server-7 Validation successful for clerk-7-trx-1 - Prepare OK
2018-04-16 17:53:27,501 db-server-13 -Sending cache invalidation for 574
2018-04-16 17:53:27,519 db-server-13 -Committing clerk-10-trx-0 with 
read_set: dict_keys([679])
write_set: dict_keys([])
2018-04-16 17:53:27,532 db-server-13 -Committing clerk-18-trx-0 with 
read_set: dict_keys([284])
write_set: dict_keys([284])
2018-04-16 17:53:27,532 db-server-13 -Sending cache invalidation for 284
2018-04-16 17:53:27,570 db-server-13 -Committing clerk-16-trx-0 with 
read_set: dict_keys([649])
write_set: dict_keys([])
2018-04-16 17:53:27,592 clerk-16 -Received cache invalidation for 736
2018-04-16 17:53:27,593 clerk-16 -Committed clerk-16-trx-0 
2018-04-16 17:53:27,550 db-server-3 -Sending cache invalidation for 661
2018-04-16 17:53:27,597 db-server-6: appended trx clerk-4-trx-0 as follower
2018-04-16 17:53:27,597 db-server-14 Validation successful for clerk-7-trx-1 - Prepare OK
2018-04-16 17:53:27,576 db-server-3 -Committing clerk-16-trx-0 with 
read_set: dict_keys([736, 961, 711])
write_set: dict_keys([736, 961])
2018-04-16 17:53:27,603 db-server-0: appended trx clerk-1-trx-0 as follower
2018-04-16 17:53:27,576 db-server-3 -Sending cache invalidation for 736
2018-04-16 17:53:27,579 db-server-3 -Sending cache invalidation for 961
2018-04-16 17:53:27,616 db-server-0: appended trx clerk-10-trx-0 as follower
2018-04-16 17:53:27,617 db-server-5: appended trx clerk-1-trx-0 as follower
2018-04-16 17:53:27,625 db-server-8: appended trx clerk-1-trx-0 as follower
2018-04-16 17:53:27,628 db-server-11: appended trx clerk-4-trx-0 as follower
2018-04-16 17:53:27,629 db-server-0: appended trx clerk-4-trx-0 as follower
2018-04-16 17:53:27,631 db-server-5: appended trx clerk-4-trx-0 as follower
2018-04-16 17:53:27,633 db-server-8: appended trx clerk-4-trx-0 as follower
2018-04-16 17:53:27,634 db-server-12 Validation successful for clerk-7-trx-1 - Prepare OK
2018-04-16 17:53:27,640 clerk-19 -Starting read for: dict_keys([885])
2018-04-16 17:53:27,641 clerk-19 -Sending reads to dict_keys(['db-server-14']) 
2018-04-16 17:53:27,644 db-server-5: appended trx clerk-2-trx-0 as follower
2018-04-16 17:53:27,647 db-server-1: appended trx clerk-13-trx-0 as follower
2018-04-16 17:53:27,651 db-server-9: appended trx clerk-13-trx-0 as follower
2018-04-16 17:53:27,655 clerk-6 -Starting read for: dict_keys([960])
2018-04-16 17:53:27,656 clerk-6 -Sending reads to dict_keys(['db-server-14']) 
2018-04-16 17:53:27,660 db-server-5: appended trx clerk-5-trx-0 as follower
2018-04-16 17:53:27,662 clerk-19 -Read finished for clerk-19-trx-1
2018-04-16 17:53:27,662 clerk-19 -updating cache with answer {885: (15, 1)}
2018-04-16 17:53:27,664 clerk-19 -Starting prepare. Server_map: {'db-server-14': {885, 180, 125}, 'db-server-3': {256}, 'db-server-13': {144, 874, 534}, 'db-server-12': {587, 667, 187}}
2018-04-16 17:53:27,664 clerk-19 -Committing clerk-19-trx-1
2018-04-16 17:53:27,664 clerk-19 -Sending prepare to dict_keys(['db-server-14', 'db-server-3', 'db-server-13', 'db-server-12']) 
2018-04-16 17:53:27,678 clerk-12 -Starting read for: dict_keys([871])
2018-04-16 17:53:27,678 db-server-13 Validation successful for clerk-7-trx-1 - Prepare OK
2018-04-16 17:53:27,678 clerk-12 -Sending reads to dict_keys(['db-server-3']) 
2018-04-16 17:53:27,682 clerk-6 -Read finished for clerk-6-trx-1
2018-04-16 17:53:27,682 clerk-7 -Received all prepare ok and sending commit to dict_keys(['db-server-7', 'db-server-14', 'db-server-12', 'db-server-13']) 
2018-04-16 17:53:27,682 clerk-6 -updating cache with answer {960: (13, 1)}
2018-04-16 17:53:27,684 clerk-6 -Starting prepare. Server_map: {'db-server-7': {123, 733}, 'db-server-14': {960, 90}, 'db-server-3': {376, 66, 731, 941}, 'db-server-13': {289}, 'db-server-12': {327}}
2018-04-16 17:53:27,685 clerk-3 -Starting read for: dict_keys([])
2018-04-16 17:53:27,684 clerk-6 -Committing clerk-6-trx-1
2018-04-16 17:53:27,686 clerk-3 -Sending reads to dict_keys([]) 
2018-04-16 17:53:27,684 clerk-6 -Sending prepare to dict_keys(['db-server-7', 'db-server-14', 'db-server-3', 'db-server-13', 'db-server-12']) 
2018-04-16 17:53:27,691 db-server-14 Validation successful for clerk-19-trx-1 - Prepare OK
2018-04-16 17:53:27,702 db-server-4: appended trx clerk-11-trx-0 as follower
2018-04-16 17:53:27,708 db-server-5: appended trx clerk-11-trx-0 as follower
2018-04-16 17:53:27,708 db-server-13 Validation successful for clerk-19-trx-1 - Prepare OK
2018-04-16 17:53:27,710 db-server-0: appended trx clerk-9-trx-0 as follower
2018-04-16 17:53:27,715 db-server-6: appended trx clerk-11-trx-0 as follower
2018-04-16 17:53:27,718 db-server-7 -Committing clerk-7-trx-1 with 
read_set: dict_keys([33, 903, 68, 293, 693])
write_set: dict_keys([68, 693])
2018-04-16 17:53:27,719 clerk-7 -Received cache invalidation for 68
2018-04-16 17:53:27,720 clerk-12 -Read finished for clerk-12-trx-1
2018-04-16 17:53:27,721 clerk-17 -Starting read for: dict_keys([538])
2018-04-16 17:53:27,721 clerk-12 -updating cache with answer {871: (5, 1)}
2018-04-16 17:53:27,722 clerk-12 -Starting prepare. Server_map: {'db-server-7': {368, 563, 323}, 'db-server-14': {1000, 785}, 'db-server-12': {192, 502, 127}, 'db-server-3': {466, 871}}
2018-04-16 17:53:27,721 clerk-17 -Sending reads to dict_keys(['db-server-7']) 
2018-04-16 17:53:27,725 clerk-3 -Read finished for clerk-3-trx-1
2018-04-16 17:53:27,722 clerk-12 -Committing clerk-12-trx-1
2018-04-16 17:53:27,723 clerk-12 -Sending prepare to dict_keys(['db-server-7', 'db-server-14', 'db-server-12', 'db-server-3']) 
2018-04-16 17:53:27,727 clerk-3 -Starting prepare. Server_map: {'db-server-13': {664, 744, 849}, 'db-server-7': {978, 588, 378}, 'db-server-14': {560}, 'db-server-12': {272, 257}, 'db-server-3': {261}}
2018-04-16 17:53:27,727 clerk-3 -Committing clerk-3-trx-1
2018-04-16 17:53:27,727 clerk-3 -Sending prepare to dict_keys(['db-server-13', 'db-server-7', 'db-server-14', 'db-server-12', 'db-server-3']) 
2018-04-16 17:53:27,730 db-server-1: appended trx clerk-1-trx-0 as follower
2018-04-16 17:53:27,718 db-server-7 -Sending cache invalidation for 68
2018-04-16 17:53:27,731 db-server-11: appended trx clerk-9-trx-0 as follower
2018-04-16 17:53:27,732 clerk-7 -Received cache invalidation for 693
2018-04-16 17:53:27,735 db-server-14 -Committing clerk-7-trx-1 with 
read_set: dict_keys([475, 655])
write_set: dict_keys([655])
2018-04-16 17:53:27,719 db-server-7 -Sending cache invalidation for 693
2018-04-16 17:53:27,737 clerk-7 -Received cache invalidation for 655
2018-04-16 17:53:27,740 db-server-7 Validation successful for clerk-6-trx-1 - Prepare OK
2018-04-16 17:53:27,750 db-server-12 -Committing clerk-7-trx-1 with 
read_set: dict_keys([542])
write_set: dict_keys([])
2018-04-16 17:53:27,736 db-server-14 -Sending cache invalidation for 655
2018-04-16 17:53:27,757 db-server-3 Validation successful for clerk-19-trx-1 - Prepare OK
2018-04-16 17:53:27,758 db-server-8: appended trx clerk-9-trx-0 as follower
2018-04-16 17:53:27,758 db-server-14 Validation successful for clerk-6-trx-1 - Prepare OK
2018-04-16 17:53:27,765 db-server-13 Validation successful for clerk-6-trx-1 - Prepare OK
2018-04-16 17:53:27,767 clerk-17 -Read finished for clerk-17-trx-1
2018-04-16 17:53:27,767 clerk-17 -updating cache with answer {538: (4, 1)}
2018-04-16 17:53:27,771 db-server-7 Validation successful for clerk-12-trx-1 - Prepare OK
2018-04-16 17:53:27,771 clerk-17 -Starting prepare. Server_map: {'db-server-7': {888, 538, 643}, 'db-server-14': {850}, 'db-server-3': {296, 266}, 'db-server-13': {929, 684, 199}, 'db-server-12': {87}}
2018-04-16 17:53:27,771 clerk-17 -Committing clerk-17-trx-1
2018-04-16 17:53:27,773 db-server-9: appended trx clerk-1-trx-0 as follower
2018-04-16 17:53:27,771 clerk-17 -Sending prepare to dict_keys(['db-server-7', 'db-server-14', 'db-server-3', 'db-server-13', 'db-server-12']) 
2018-04-16 17:53:27,774 db-server-3 Validation successful for clerk-6-trx-1 - Prepare OK
2018-04-16 17:53:27,779 db-server-12 Validation successful for clerk-6-trx-1 - Prepare OK
2018-04-16 17:53:27,785 clerk-6 -Received all prepare ok and sending commit to dict_keys(['db-server-7', 'db-server-14', 'db-server-3', 'db-server-13', 'db-server-12']) 
2018-04-16 17:53:27,790 db-server-7 Validation successful for clerk-3-trx-1 - Prepare OK
2018-04-16 17:53:27,790 db-server-14 Validation successful for clerk-12-trx-1 - Prepare OK
2018-04-16 17:53:27,798 db-server-12 Validation successful for clerk-12-trx-1 - Prepare OK
2018-04-16 17:53:27,803 db-server-3 Validation successful for clerk-12-trx-1 - Prepare OK
2018-04-16 17:53:27,805 db-server-14 Validation successful for clerk-3-trx-1 - Prepare OK
2018-04-16 17:53:27,807 db-server-12 Validation successful for clerk-19-trx-1 - Prepare OK
2018-04-16 17:53:27,809 clerk-12 -Received all prepare ok and sending commit to dict_keys(['db-server-7', 'db-server-14', 'db-server-12', 'db-server-3']) 
2018-04-16 17:53:27,812 clerk-19 -Received all prepare ok and sending commit to dict_keys(['db-server-14', 'db-server-3', 'db-server-13', 'db-server-12']) 
2018-04-16 17:53:27,816 db-server-7 Validation successful for clerk-17-trx-1 - Prepare OK
2018-04-16 17:53:27,819 db-server-4: appended trx clerk-10-trx-0 as follower
2018-04-16 17:53:27,822 db-server-5: appended trx clerk-9-trx-0 as follower
2018-04-16 17:53:27,822 db-server-13 -Committing clerk-7-trx-1 with 
read_set: dict_keys([9, 679])
write_set: dict_keys([9, 679])
2018-04-16 17:53:27,824 clerk-7 -Received cache invalidation for 9
2018-04-16 17:53:27,828 db-server-7 -Committing clerk-6-trx-1 with 
read_set: dict_keys([123, 733])
write_set: dict_keys([])
2018-04-16 17:53:27,829 db-server-14 Validation successful for clerk-17-trx-1 - Prepare OK
2018-04-16 17:53:27,841 db-server-11: appended trx clerk-15-trx-0 as follower
2018-04-16 17:53:27,843 clerk-6 -Received cache invalidation for 960
2018-04-16 17:53:27,842 db-server-6: appended trx clerk-10-trx-0 as follower
2018-04-16 17:53:27,839 db-server-3 Validation successful for clerk-17-trx-1 - Prepare OK
2018-04-16 17:53:27,823 db-server-13 -Sending cache invalidation for 9
2018-04-16 17:53:27,837 clerk-7 -Committed clerk-7-trx-1 
2018-04-16 17:53:27,842 db-server-14 -Committing clerk-6-trx-1 with 
read_set: dict_keys([960, 90])
write_set: dict_keys([960, 90])
2018-04-16 17:53:27,846 db-server-7 -Committing clerk-12-trx-1 with 
read_set: dict_keys([368, 323, 563])
write_set: dict_keys([368, 323, 563])
2018-04-16 17:53:27,823 db-server-13 -Sending cache invalidation for 679
2018-04-16 17:53:27,846 db-server-0: appended trx clerk-18-trx-0 as follower
2018-04-16 17:53:27,824 db-server-13 -Sending cache invalidation for 679
2018-04-16 17:53:27,847 clerk-12 -Received cache invalidation for 368
2018-04-16 17:53:27,855 db-server-12 Validation successful for clerk-3-trx-1 - Prepare OK
2018-04-16 17:53:27,860 clerk-12 -Received cache invalidation for 323
2018-04-16 17:53:27,846 db-server-7 -Sending cache invalidation for 368
2018-04-16 17:53:27,840 db-server-13 Validation successful for clerk-17-trx-1 - Prepare OK
2018-04-16 17:53:27,846 db-server-7 -Sending cache invalidation for 323
2018-04-16 17:53:27,861 clerk-12 -Received cache invalidation for 563
2018-04-16 17:53:27,848 db-server-13 -Committing clerk-6-trx-1 with 
read_set: dict_keys([289])
write_set: dict_keys([])
2018-04-16 17:53:27,847 db-server-7 -Sending cache invalidation for 563
2018-04-16 17:53:27,842 db-server-14 -Sending cache invalidation for 960
2018-04-16 17:53:27,869 clerk-6 -Received cache invalidation for 90
2018-04-16 17:53:27,869 db-server-8: appended trx clerk-15-trx-0 as follower
2018-04-16 17:53:27,874 db-server-1: appended trx clerk-4-trx-0 as follower
2018-04-16 17:53:27,843 db-server-14 -Sending cache invalidation for 90
2018-04-16 17:53:27,882 db-server-13 -Committing clerk-19-trx-1 with 
read_set: dict_keys([144, 874, 534])
write_set: dict_keys([144])
2018-04-16 17:53:27,883 clerk-19 -Received cache invalidation for 144
2018-04-16 17:53:27,887 db-server-12 -Committing clerk-12-trx-1 with 
read_set: dict_keys([192, 502, 127])
write_set: dict_keys([502])
2018-04-16 17:53:27,888 db-server-3 -Committing clerk-19-trx-1 with 
read_set: dict_keys([256])
write_set: dict_keys([256])
2018-04-16 17:53:27,888 clerk-12 -Received cache invalidation for 502
2018-04-16 17:53:27,889 clerk-19 -Received cache invalidation for 256
2018-04-16 17:53:27,883 db-server-13 -Sending cache invalidation for 144
2018-04-16 17:53:27,897 clerk-19 -Received cache invalidation for 180
2018-04-16 17:53:27,888 db-server-3 -Sending cache invalidation for 256
2018-04-16 17:53:27,887 db-server-12 -Sending cache invalidation for 502
2018-04-16 17:53:27,904 clerk-12 -Received cache invalidation for 871
2018-04-16 17:53:27,905 db-server-5: appended trx clerk-15-trx-0 as follower
2018-04-16 17:53:27,910 db-server-12 Validation successful for clerk-17-trx-1 - Prepare OK
2018-04-16 17:53:27,903 db-server-3 -Committing clerk-12-trx-1 with 
read_set: dict_keys([466, 871])
write_set: dict_keys([871])
2018-04-16 17:53:27,849 db-server-14 -Sending cache invalidation for 90
2018-04-16 17:53:27,920 clerk-17 -Received all prepare ok and sending commit to dict_keys(['db-server-7', 'db-server-14', 'db-server-3', 'db-server-13', 'db-server-12']) 
2018-04-16 17:53:27,917 clerk-12 -Committed clerk-12-trx-1 
2018-04-16 17:53:27,924 db-server-4: appended trx clerk-9-trx-0 as follower
2018-04-16 17:53:27,903 db-server-3 -Sending cache invalidation for 871
2018-04-16 17:53:27,926 db-server-13 Validation successful for clerk-3-trx-1 - Prepare OK
2018-04-16 17:53:27,921 clerk-19 -Received cache invalidation for 125
2018-04-16 17:53:27,926 db-server-9: appended trx clerk-4-trx-0 as follower
2018-04-16 17:53:27,925 db-server-0: Received heartbeat 1
2018-04-16 17:53:27,933 clerk-3 -Received all prepare ok and sending commit to dict_keys(['db-server-13', 'db-server-7', 'db-server-14', 'db-server-12', 'db-server-3']) 
2018-04-16 17:53:27,935 db-server-6: appended trx clerk-9-trx-0 as follower
2018-04-16 17:53:27,876 db-server-14 -Committing clerk-12-trx-1 with 
read_set: dict_keys([1000, 785])
write_set: dict_keys([])
2018-04-16 17:53:27,919 db-server-3 Validation successful for clerk-3-trx-1 - Prepare OK
2018-04-16 17:53:27,945 db-server-3 -Committing clerk-6-trx-1 with 
read_set: dict_keys([376, 66, 731, 941])
write_set: dict_keys([66, 731, 941])
2018-04-16 17:53:27,946 db-server-0: appended trx clerk-14-trx-0 as follower
2018-04-16 17:53:27,947 clerk-6 -Received cache invalidation for 66
2018-04-16 17:53:27,895 db-server-14 -Committing clerk-19-trx-1 with 
read_set: dict_keys([180, 885, 125])
write_set: dict_keys([180, 125])
2018-04-16 17:53:27,895 db-server-14 -Sending cache invalidation for 180
2018-04-16 17:53:27,896 db-server-14 -Sending cache invalidation for 180
2018-04-16 17:53:27,898 db-server-14 -Sending cache invalidation for 125
2018-04-16 17:53:27,954 db-server-12 -Committing clerk-6-trx-1 with 
read_set: dict_keys([327])
write_set: dict_keys([])
2018-04-16 17:53:27,957 db-server-7 -Committing clerk-17-trx-1 with 
read_set: dict_keys([888, 538, 643])
write_set: dict_keys([538, 643])
2018-04-16 17:53:27,959 clerk-17 -Received cache invalidation for 538
2018-04-16 17:53:27,945 db-server-3 -Sending cache invalidation for 66
2018-04-16 17:53:27,971 db-server-5: Received heartbeat 1
2018-04-16 17:53:27,972 db-server-13 -Committing clerk-17-trx-1 with 
read_set: dict_keys([929, 684, 199])
write_set: dict_keys([199])
2018-04-16 17:53:27,973 db-server-12 -Committing clerk-19-trx-1 with 
read_set: dict_keys([587, 667, 187])
write_set: dict_keys([187])
2018-04-16 17:53:27,973 clerk-6 -Committed clerk-6-trx-1 
2018-04-16 17:53:27,973 db-server-14 -Committing clerk-17-trx-1 with 
read_set: dict_keys([850])
write_set: dict_keys([850])
2018-04-16 17:53:27,974 clerk-17 -Received cache invalidation for 199
2018-04-16 17:53:27,976 clerk-17 -Received cache invalidation for 850
2018-04-16 17:53:27,975 clerk-6 -Received cache invalidation for 731
2018-04-16 17:53:27,976 clerk-19 -Received cache invalidation for 187
2018-04-16 17:53:27,977 db-server-11: appended trx clerk-20-trx-0 as follower
2018-04-16 17:53:27,947 db-server-3 -Sending cache invalidation for 731
2018-04-16 17:53:27,983 clerk-17 -Received cache invalidation for 296
2018-04-16 17:53:27,958 db-server-7 -Sending cache invalidation for 538
2018-04-16 17:53:27,988 clerk-17 -Received cache invalidation for 643
2018-04-16 17:53:27,975 db-server-12 -Sending cache invalidation for 187
2018-04-16 17:53:27,991 clerk-19 -Committed clerk-19-trx-1 
2018-04-16 17:53:27,972 db-server-13 -Sending cache invalidation for 199
2018-04-16 17:53:27,995 clerk-3 -Received cache invalidation for 978
2018-04-16 17:53:27,974 db-server-14 -Sending cache invalidation for 850
2018-04-16 17:53:28,002 db-server-5: appended trx clerk-8-trx-0 as follower
2018-04-16 17:53:27,948 db-server-3 -Sending cache invalidation for 941
2018-04-16 17:53:27,981 db-server-3 -Committing clerk-17-trx-1 with 
read_set: dict_keys([296, 266])
write_set: dict_keys([296])
2018-04-16 17:53:27,981 db-server-3 -Sending cache invalidation for 296
2018-04-16 17:53:28,015 db-server-5: appended trx clerk-20-trx-0 as follower
2018-04-16 17:53:27,958 db-server-7 -Sending cache invalidation for 643
2018-04-16 17:53:28,020 db-server-8: appended trx clerk-20-trx-0 as follower
2018-04-16 17:53:28,023 db-server-11: appended trx clerk-14-trx-0 as follower
2018-04-16 17:53:27,994 db-server-7 -Committing clerk-3-trx-1 with 
read_set: dict_keys([978, 588, 378])
write_set: dict_keys([978, 588])
2018-04-16 17:53:28,023 clerk-3 -Received cache invalidation for 588
2018-04-16 17:53:28,005 db-server-14 -Committing clerk-3-trx-1 with 
read_set: dict_keys([560])
write_set: dict_keys([])
2018-04-16 17:53:28,029 db-server-4: appended trx clerk-18-trx-0 as follower
2018-04-16 17:53:28,030 db-server-8: appended trx clerk-14-trx-0 as follower
2018-04-16 17:53:28,031 db-server-12 -Committing clerk-3-trx-1 with 
read_set: dict_keys([272, 257])
write_set: dict_keys([272, 257])
2018-04-16 17:53:28,032 db-server-5: appended trx clerk-14-trx-0 as follower
2018-04-16 17:53:28,033 clerk-3 -Received cache invalidation for 272
2018-04-16 17:53:28,035 db-server-11: appended trx clerk-10-trx-0 as follower
2018-04-16 17:53:28,034 db-server-1: appended trx clerk-11-trx-0 as follower
2018-04-16 17:53:27,994 db-server-7 -Sending cache invalidation for 978
2018-04-16 17:53:28,041 db-server-9: appended trx clerk-11-trx-0 as follower
2018-04-16 17:53:27,995 db-server-7 -Sending cache invalidation for 588
2018-04-16 17:53:28,044 db-server-6: appended trx clerk-18-trx-0 as follower
2018-04-16 17:53:28,044 db-server-8: appended trx clerk-10-trx-0 as follower
2018-04-16 17:53:28,031 db-server-12 -Sending cache invalidation for 272
2018-04-16 17:53:28,048 clerk-3 -Received cache invalidation for 257
2018-04-16 17:53:28,049 db-server-5: appended trx clerk-10-trx-0 as follower
2018-04-16 17:53:28,051 db-server-11: appended trx clerk-18-trx-0 as follower
2018-04-16 17:53:28,052 db-server-0: appended trx clerk-16-trx-0 as follower
2018-04-16 17:53:28,032 db-server-12 -Sending cache invalidation for 257
2018-04-16 17:53:28,055 db-server-1: appended trx clerk-10-trx-0 as follower
2018-04-16 17:53:28,056 db-server-4: appended trx clerk-15-trx-0 as follower
2018-04-16 17:53:28,061 db-server-13 -Committing clerk-3-trx-1 with 
read_set: dict_keys([744, 664, 849])
write_set: dict_keys([849])
2018-04-16 17:53:28,066 db-server-6: appended trx clerk-15-trx-0 as follower
2018-04-16 17:53:28,068 db-server-0: appended trx clerk-7-trx-1 as follower
2018-04-16 17:53:28,075 db-server-12 -Committing clerk-17-trx-1 with 
read_set: dict_keys([87])
write_set: dict_keys([])
2018-04-16 17:53:28,078 db-server-4: appended trx clerk-8-trx-0 as follower
2018-04-16 17:53:28,062 db-server-13 -Sending cache invalidation for 849
2018-04-16 17:53:28,081 clerk-3 -Received cache invalidation for 849
2018-04-16 17:53:28,091 clerk-17 -Committed clerk-17-trx-1 
2018-04-16 17:53:28,095 db-server-9: appended trx clerk-10-trx-0 as follower
2018-04-16 17:53:28,097 db-server-3 -Committing clerk-3-trx-1 with 
read_set: dict_keys([261])
write_set: dict_keys([])
2018-04-16 17:53:28,097 db-server-8: appended trx clerk-18-trx-0 as follower
2018-04-16 17:53:28,100 db-server-5: appended trx clerk-18-trx-0 as follower
2018-04-16 17:53:28,111 db-server-0: appended trx clerk-12-trx-1 as follower
2018-04-16 17:53:28,112 clerk-3 -Committed clerk-3-trx-1 
2018-04-16 17:53:28,115 db-server-5: appended trx clerk-16-trx-0 as follower
2018-04-16 17:53:28,117 db-server-11: appended trx clerk-8-trx-0 as follower
2018-04-16 17:53:28,319 ActorSystem Logging Shutdown
